{"D:\\Hacktiv8\\Phase3\\FinalProject\\fotomag-server\\services\\app.js": {"path":"D:\\Hacktiv8\\Phase3\\FinalProject\\fotomag-server\\services\\app.js","statementMap":{"0":{"start":{"line":1,"column":0},"end":{"line":3,"column":1}},"1":{"start":{"line":2,"column":2},"end":{"line":2,"column":29}},"2":{"start":{"line":4,"column":13},"end":{"line":4,"column":28}},"3":{"start":{"line":5,"column":16},"end":{"line":5,"column":34}},"4":{"start":{"line":6,"column":21},"end":{"line":6,"column":56}},"5":{"start":{"line":7,"column":15},"end":{"line":7,"column":34}},"6":{"start":{"line":8,"column":15},"end":{"line":8,"column":32}},"7":{"start":{"line":9,"column":12},"end":{"line":9,"column":21}},"8":{"start":{"line":10,"column":13},"end":{"line":10,"column":17}},"9":{"start":{"line":12,"column":19},"end":{"line":12,"column":55}},"10":{"start":{"line":14,"column":0},"end":{"line":14,"column":16}},"11":{"start":{"line":15,"column":0},"end":{"line":15,"column":48}},"12":{"start":{"line":16,"column":0},"end":{"line":16,"column":24}},"13":{"start":{"line":24,"column":0},"end":{"line":24,"column":21}},"14":{"start":{"line":25,"column":0},"end":{"line":25,"column":22}},"15":{"start":{"line":26,"column":0},"end":{"line":26,"column":27}},"16":{"start":{"line":31,"column":0},"end":{"line":31,"column":20}}},"fnMap":{},"branchMap":{"0":{"loc":{"start":{"line":1,"column":0},"end":{"line":3,"column":1}},"type":"if","locations":[{"start":{"line":1,"column":0},"end":{"line":3,"column":1}},{"start":{},"end":{}}],"line":1}},"s":{"0":2,"1":2,"2":2,"3":2,"4":2,"5":2,"6":2,"7":2,"8":2,"9":2,"10":2,"11":2,"12":2,"13":2,"14":2,"15":2,"16":2},"f":{},"b":{"0":[2,0]},"_coverageSchema":"1a1c01bbd47fc00a2c39e90264f33305004495a9","hash":"54bc754a90ecaf276e1ec8c02622b4cd2e28b457"}
,"D:\\Hacktiv8\\Phase3\\FinalProject\\fotomag-server\\services\\config\\cloudinaryConfig.js": {"path":"D:\\Hacktiv8\\Phase3\\FinalProject\\fotomag-server\\services\\config\\cloudinaryConfig.js","statementMap":{"0":{"start":{"line":1,"column":19},"end":{"line":1,"column":43}},"1":{"start":{"line":3,"column":0},"end":{"line":7,"column":2}},"2":{"start":{"line":9,"column":0},"end":{"line":9,"column":27}}},"fnMap":{},"branchMap":{},"s":{"0":2,"1":2,"2":2},"f":{},"b":{},"_coverageSchema":"1a1c01bbd47fc00a2c39e90264f33305004495a9","hash":"d77579e3d4cc77c293080165f515c21b0eeae0ce"}
,"D:\\Hacktiv8\\Phase3\\FinalProject\\fotomag-server\\services\\controller\\balance.js": {"path":"D:\\Hacktiv8\\Phase3\\FinalProject\\fotomag-server\\services\\controller\\balance.js","statementMap":{"0":{"start":{"line":1,"column":17},"end":{"line":1,"column":43}},"1":{"start":{"line":2,"column":23},"end":{"line":2,"column":49}},"2":{"start":{"line":5,"column":4},"end":{"line":41,"column":5}},"3":{"start":{"line":6,"column":25},"end":{"line":6,"column":38}},"4":{"start":{"line":7,"column":26},"end":{"line":7,"column":34}},"5":{"start":{"line":8,"column":21},"end":{"line":8,"column":29}},"6":{"start":{"line":9,"column":6},"end":{"line":11,"column":7}},"7":{"start":{"line":10,"column":8},"end":{"line":10,"column":46}},"8":{"start":{"line":12,"column":17},"end":{"line":15,"column":8}},"9":{"start":{"line":17,"column":22},"end":{"line":29,"column":7}},"10":{"start":{"line":31,"column":31},"end":{"line":31,"column":70}},"11":{"start":{"line":32,"column":23},"end":{"line":36,"column":8}},"12":{"start":{"line":37,"column":6},"end":{"line":37,"column":59}},"13":{"start":{"line":38,"column":6},"end":{"line":38,"column":45}},"14":{"start":{"line":40,"column":6},"end":{"line":40,"column":18}},"15":{"start":{"line":44,"column":0},"end":{"line":44,"column":28}}},"fnMap":{"0":{"name":"(anonymous_0)","decl":{"start":{"line":4,"column":2},"end":{"line":4,"column":3}},"loc":{"start":{"line":4,"column":37},"end":{"line":42,"column":3}},"line":4}},"branchMap":{"0":{"loc":{"start":{"line":9,"column":6},"end":{"line":11,"column":7}},"type":"if","locations":[{"start":{"line":9,"column":6},"end":{"line":11,"column":7}},{"start":{},"end":{}}],"line":9}},"s":{"0":2,"1":2,"2":3,"3":3,"4":3,"5":3,"6":3,"7":2,"8":1,"9":1,"10":1,"11":1,"12":1,"13":1,"14":2,"15":2},"f":{"0":3},"b":{"0":[2,1]},"_coverageSchema":"1a1c01bbd47fc00a2c39e90264f33305004495a9","hash":"afa3d33b1020e85746aed125b4a834bb59ceb269"}
,"D:\\Hacktiv8\\Phase3\\FinalProject\\fotomag-server\\services\\controller\\courier.js": {"path":"D:\\Hacktiv8\\Phase3\\FinalProject\\fotomag-server\\services\\controller\\courier.js","statementMap":{"0":{"start":{"line":1,"column":36},"end":{"line":1,"column":62}},"1":{"start":{"line":5,"column":4},"end":{"line":33,"column":5}},"2":{"start":{"line":6,"column":40},"end":{"line":6,"column":48}},"3":{"start":{"line":7,"column":6},"end":{"line":7,"column":45}},"4":{"start":{"line":8,"column":21},"end":{"line":8,"column":29}},"5":{"start":{"line":10,"column":22},"end":{"line":14,"column":8}},"6":{"start":{"line":16,"column":24},"end":{"line":25,"column":8}},"7":{"start":{"line":26,"column":6},"end":{"line":29,"column":9}},"8":{"start":{"line":31,"column":6},"end":{"line":31,"column":25}},"9":{"start":{"line":32,"column":6},"end":{"line":32,"column":18}},"10":{"start":{"line":36,"column":0},"end":{"line":36,"column":28}}},"fnMap":{"0":{"name":"(anonymous_0)","decl":{"start":{"line":4,"column":2},"end":{"line":4,"column":3}},"loc":{"start":{"line":4,"column":40},"end":{"line":34,"column":3}},"line":4}},"branchMap":{},"s":{"0":2,"1":6,"2":6,"3":6,"4":6,"5":6,"6":6,"7":3,"8":3,"9":3,"10":2},"f":{"0":6},"b":{},"_coverageSchema":"1a1c01bbd47fc00a2c39e90264f33305004495a9","hash":"f4d75ea0d7be849e90c297b3cd836c016a1ad2fc"}
,"D:\\Hacktiv8\\Phase3\\FinalProject\\fotomag-server\\services\\controller\\customer.js": {"path":"D:\\Hacktiv8\\Phase3\\FinalProject\\fotomag-server\\services\\controller\\customer.js","statementMap":{"0":{"start":{"line":1,"column":17},"end":{"line":1,"column":43}},"1":{"start":{"line":5,"column":4},"end":{"line":22,"column":5}},"2":{"start":{"line":6,"column":6},"end":{"line":6,"column":30}},"3":{"start":{"line":7,"column":47},"end":{"line":7,"column":55}},"4":{"start":{"line":8,"column":23},"end":{"line":15,"column":8}},"5":{"start":{"line":16,"column":6},"end":{"line":19,"column":9}},"6":{"start":{"line":21,"column":6},"end":{"line":21,"column":18}},"7":{"start":{"line":25,"column":0},"end":{"line":25,"column":28}}},"fnMap":{"0":{"name":"(anonymous_0)","decl":{"start":{"line":4,"column":2},"end":{"line":4,"column":3}},"loc":{"start":{"line":4,"column":40},"end":{"line":23,"column":3}},"line":4}},"branchMap":{},"s":{"0":2,"1":6,"2":6,"3":6,"4":6,"5":1,"6":5,"7":2},"f":{"0":6},"b":{},"_coverageSchema":"1a1c01bbd47fc00a2c39e90264f33305004495a9","hash":"2f7dea2f07c24f9db7b972a1bfe4354c3337f77b"}
,"D:\\Hacktiv8\\Phase3\\FinalProject\\fotomag-server\\services\\controller\\login.js": {"path":"D:\\Hacktiv8\\Phase3\\FinalProject\\fotomag-server\\services\\controller\\login.js","statementMap":{"0":{"start":{"line":1,"column":47},"end":{"line":1,"column":74}},"1":{"start":{"line":2,"column":24},"end":{"line":2,"column":50}},"2":{"start":{"line":6,"column":4},"end":{"line":54,"column":5}},"3":{"start":{"line":7,"column":34},"end":{"line":7,"column":42}},"4":{"start":{"line":8,"column":24},"end":{"line":8,"column":26}},"5":{"start":{"line":9,"column":17},"end":{"line":9,"column":19}},"6":{"start":{"line":10,"column":6},"end":{"line":12,"column":7}},"7":{"start":{"line":11,"column":8},"end":{"line":11,"column":44}},"8":{"start":{"line":13,"column":6},"end":{"line":15,"column":7}},"9":{"start":{"line":14,"column":8},"end":{"line":14,"column":47}},"10":{"start":{"line":16,"column":23},"end":{"line":20,"column":8}},"11":{"start":{"line":21,"column":6},"end":{"line":45,"column":7}},"12":{"start":{"line":22,"column":8},"end":{"line":24,"column":9}},"13":{"start":{"line":23,"column":10},"end":{"line":23,"column":51}},"14":{"start":{"line":25,"column":24},"end":{"line":27,"column":9}},"15":{"start":{"line":28,"column":8},"end":{"line":28,"column":30}},"16":{"start":{"line":29,"column":8},"end":{"line":29,"column":24}},"17":{"start":{"line":31,"column":28},"end":{"line":33,"column":10}},"18":{"start":{"line":34,"column":8},"end":{"line":36,"column":9}},"19":{"start":{"line":35,"column":10},"end":{"line":35,"column":51}},"20":{"start":{"line":37,"column":8},"end":{"line":39,"column":9}},"21":{"start":{"line":38,"column":10},"end":{"line":38,"column":51}},"22":{"start":{"line":40,"column":24},"end":{"line":42,"column":9}},"23":{"start":{"line":43,"column":8},"end":{"line":43,"column":30}},"24":{"start":{"line":44,"column":8},"end":{"line":44,"column":35}},"25":{"start":{"line":46,"column":27},"end":{"line":46,"column":57}},"26":{"start":{"line":47,"column":6},"end":{"line":50,"column":9}},"27":{"start":{"line":52,"column":6},"end":{"line":52,"column":37}},"28":{"start":{"line":53,"column":6},"end":{"line":53,"column":18}},"29":{"start":{"line":58,"column":0},"end":{"line":58,"column":28}}},"fnMap":{"0":{"name":"(anonymous_0)","decl":{"start":{"line":5,"column":2},"end":{"line":5,"column":3}},"loc":{"start":{"line":5,"column":39},"end":{"line":55,"column":3}},"line":5}},"branchMap":{"0":{"loc":{"start":{"line":10,"column":6},"end":{"line":12,"column":7}},"type":"if","locations":[{"start":{"line":10,"column":6},"end":{"line":12,"column":7}},{"start":{},"end":{}}],"line":10},"1":{"loc":{"start":{"line":13,"column":6},"end":{"line":15,"column":7}},"type":"if","locations":[{"start":{"line":13,"column":6},"end":{"line":15,"column":7}},{"start":{},"end":{}}],"line":13},"2":{"loc":{"start":{"line":21,"column":6},"end":{"line":45,"column":7}},"type":"if","locations":[{"start":{"line":21,"column":6},"end":{"line":45,"column":7}},{"start":{"line":30,"column":13},"end":{"line":45,"column":7}}],"line":21},"3":{"loc":{"start":{"line":22,"column":8},"end":{"line":24,"column":9}},"type":"if","locations":[{"start":{"line":22,"column":8},"end":{"line":24,"column":9}},{"start":{},"end":{}}],"line":22},"4":{"loc":{"start":{"line":34,"column":8},"end":{"line":36,"column":9}},"type":"if","locations":[{"start":{"line":34,"column":8},"end":{"line":36,"column":9}},{"start":{},"end":{}}],"line":34},"5":{"loc":{"start":{"line":37,"column":8},"end":{"line":39,"column":9}},"type":"if","locations":[{"start":{"line":37,"column":8},"end":{"line":39,"column":9}},{"start":{},"end":{}}],"line":37}},"s":{"0":2,"1":2,"2":10,"3":10,"4":10,"5":10,"6":10,"7":2,"8":8,"9":2,"10":6,"11":6,"12":4,"13":2,"14":2,"15":2,"16":2,"17":2,"18":2,"19":2,"20":0,"21":0,"22":0,"23":0,"24":0,"25":2,"26":2,"27":8,"28":8,"29":2},"f":{"0":10},"b":{"0":[2,8],"1":[2,6],"2":[4,2],"3":[2,2],"4":[2,0],"5":[0,0]},"_coverageSchema":"1a1c01bbd47fc00a2c39e90264f33305004495a9","hash":"5da7e24519c6ca5434c94ba284d54f08f795192c"}
,"D:\\Hacktiv8\\Phase3\\FinalProject\\fotomag-server\\services\\controller\\servicer.js": {"path":"D:\\Hacktiv8\\Phase3\\FinalProject\\fotomag-server\\services\\controller\\servicer.js","statementMap":{"0":{"start":{"line":1,"column":31},"end":{"line":1,"column":57}},"1":{"start":{"line":5,"column":14},"end":{"line":5,"column":43}},"2":{"start":{"line":6,"column":4},"end":{"line":51,"column":5}},"3":{"start":{"line":17,"column":10},"end":{"line":17,"column":18}},"4":{"start":{"line":18,"column":23},"end":{"line":25,"column":8}},"5":{"start":{"line":27,"column":22},"end":{"line":41,"column":7}},"6":{"start":{"line":42,"column":6},"end":{"line":45,"column":9}},"7":{"start":{"line":46,"column":6},"end":{"line":46,"column":23}},"8":{"start":{"line":48,"column":6},"end":{"line":48,"column":25}},"9":{"start":{"line":49,"column":6},"end":{"line":49,"column":25}},"10":{"start":{"line":50,"column":6},"end":{"line":50,"column":18}},"11":{"start":{"line":55,"column":4},"end":{"line":60,"column":5}},"12":{"start":{"line":56,"column":22},"end":{"line":56,"column":41}},"13":{"start":{"line":57,"column":6},"end":{"line":57,"column":36}},"14":{"start":{"line":59,"column":6},"end":{"line":59,"column":18}},"15":{"start":{"line":64,"column":4},"end":{"line":74,"column":5}},"16":{"start":{"line":65,"column":24},"end":{"line":65,"column":34}},"17":{"start":{"line":66,"column":22},"end":{"line":70,"column":8}},"18":{"start":{"line":71,"column":6},"end":{"line":71,"column":36}},"19":{"start":{"line":73,"column":6},"end":{"line":73,"column":18}},"20":{"start":{"line":78,"column":4},"end":{"line":89,"column":5}},"21":{"start":{"line":79,"column":24},"end":{"line":79,"column":34}},"22":{"start":{"line":80,"column":51},"end":{"line":80,"column":59}},"23":{"start":{"line":81,"column":6},"end":{"line":84,"column":8}},"24":{"start":{"line":85,"column":6},"end":{"line":85,"column":65}},"25":{"start":{"line":87,"column":6},"end":{"line":87,"column":25}},"26":{"start":{"line":88,"column":6},"end":{"line":88,"column":18}},"27":{"start":{"line":93,"column":0},"end":{"line":93,"column":28}}},"fnMap":{"0":{"name":"(anonymous_0)","decl":{"start":{"line":4,"column":2},"end":{"line":4,"column":3}},"loc":{"start":{"line":4,"column":40},"end":{"line":52,"column":3}},"line":4},"1":{"name":"(anonymous_1)","decl":{"start":{"line":54,"column":2},"end":{"line":54,"column":3}},"loc":{"start":{"line":54,"column":44},"end":{"line":61,"column":3}},"line":54},"2":{"name":"(anonymous_2)","decl":{"start":{"line":63,"column":2},"end":{"line":63,"column":3}},"loc":{"start":{"line":63,"column":43},"end":{"line":75,"column":3}},"line":63},"3":{"name":"(anonymous_3)","decl":{"start":{"line":77,"column":2},"end":{"line":77,"column":3}},"loc":{"start":{"line":77,"column":44},"end":{"line":90,"column":3}},"line":77}},"branchMap":{},"s":{"0":2,"1":6,"2":6,"3":6,"4":6,"5":1,"6":1,"7":1,"8":5,"9":5,"10":5,"11":0,"12":0,"13":0,"14":0,"15":0,"16":0,"17":0,"18":0,"19":0,"20":3,"21":3,"22":3,"23":3,"24":2,"25":1,"26":1,"27":2},"f":{"0":6,"1":0,"2":0,"3":3},"b":{},"_coverageSchema":"1a1c01bbd47fc00a2c39e90264f33305004495a9","hash":"16d430d036fbb4757399ee4dd47262e8d71c252c"}
,"D:\\Hacktiv8\\Phase3\\FinalProject\\fotomag-server\\services\\controller\\transaction.js": {"path":"D:\\Hacktiv8\\Phase3\\FinalProject\\fotomag-server\\services\\controller\\transaction.js","statementMap":{"0":{"start":{"line":8,"column":4},"end":{"line":8,"column":30}},"1":{"start":{"line":9,"column":12},"end":{"line":9,"column":39}},"2":{"start":{"line":10,"column":19},"end":{"line":10,"column":43}},"3":{"start":{"line":11,"column":26},"end":{"line":11,"column":50}},"4":{"start":{"line":12,"column":11},"end":{"line":12,"column":24}},"5":{"start":{"line":17,"column":14},"end":{"line":17,"column":43}},"6":{"start":{"line":18,"column":4},"end":{"line":113,"column":5}},"7":{"start":{"line":19,"column":21},"end":{"line":19,"column":29}},"8":{"start":{"line":20,"column":22},"end":{"line":20,"column":32}},"9":{"start":{"line":22,"column":57},"end":{"line":22,"column":65}},"10":{"start":{"line":23,"column":6},"end":{"line":25,"column":7}},"11":{"start":{"line":24,"column":8},"end":{"line":24,"column":77}},"12":{"start":{"line":27,"column":25},"end":{"line":27,"column":55}},"13":{"start":{"line":28,"column":22},"end":{"line":28,"column":43}},"14":{"start":{"line":29,"column":23},"end":{"line":29,"column":39}},"15":{"start":{"line":31,"column":25},"end":{"line":31,"column":42}},"16":{"start":{"line":32,"column":6},"end":{"line":40,"column":7}},"17":{"start":{"line":33,"column":8},"end":{"line":36,"column":11}},"18":{"start":{"line":38,"column":8},"end":{"line":38,"column":27}},"19":{"start":{"line":39,"column":8},"end":{"line":39,"column":76}},"20":{"start":{"line":42,"column":29},"end":{"line":42,"column":41}},"21":{"start":{"line":44,"column":22},"end":{"line":44,"column":47}},"22":{"start":{"line":46,"column":18},"end":{"line":46,"column":19}},"23":{"start":{"line":47,"column":6},"end":{"line":51,"column":7}},"24":{"start":{"line":48,"column":8},"end":{"line":48,"column":43}},"25":{"start":{"line":49,"column":13},"end":{"line":51,"column":7}},"26":{"start":{"line":50,"column":8},"end":{"line":50,"column":43}},"27":{"start":{"line":53,"column":23},"end":{"line":53,"column":24}},"28":{"start":{"line":54,"column":6},"end":{"line":58,"column":7}},"29":{"start":{"line":55,"column":8},"end":{"line":55,"column":53}},"30":{"start":{"line":56,"column":13},"end":{"line":58,"column":7}},"31":{"start":{"line":57,"column":8},"end":{"line":57,"column":36}},"32":{"start":{"line":61,"column":23},"end":{"line":61,"column":52}},"33":{"start":{"line":68,"column":30},"end":{"line":86,"column":7}},"34":{"start":{"line":89,"column":23},"end":{"line":89,"column":46}},"35":{"start":{"line":92,"column":6},"end":{"line":94,"column":7}},"36":{"start":{"line":93,"column":8},"end":{"line":93,"column":47}},"37":{"start":{"line":96,"column":6},"end":{"line":96,"column":62}},"38":{"start":{"line":99,"column":25},"end":{"line":106,"column":7}},"39":{"start":{"line":108,"column":6},"end":{"line":108,"column":23}},"40":{"start":{"line":109,"column":6},"end":{"line":109,"column":44}},"41":{"start":{"line":111,"column":6},"end":{"line":111,"column":25}},"42":{"start":{"line":112,"column":6},"end":{"line":112,"column":18}},"43":{"start":{"line":118,"column":4},"end":{"line":137,"column":5}},"44":{"start":{"line":119,"column":15},"end":{"line":119,"column":39}},"45":{"start":{"line":121,"column":30},"end":{"line":130,"column":7}},"46":{"start":{"line":132,"column":6},"end":{"line":134,"column":9}},"47":{"start":{"line":136,"column":6},"end":{"line":136,"column":18}},"48":{"start":{"line":142,"column":4},"end":{"line":186,"column":5}},"49":{"start":{"line":143,"column":15},"end":{"line":143,"column":39}},"50":{"start":{"line":149,"column":30},"end":{"line":158,"column":7}},"51":{"start":{"line":160,"column":25},"end":{"line":164,"column":8}},"52":{"start":{"line":167,"column":27},"end":{"line":171,"column":8}},"53":{"start":{"line":174,"column":25},"end":{"line":178,"column":8}},"54":{"start":{"line":179,"column":6},"end":{"line":179,"column":72}},"55":{"start":{"line":181,"column":6},"end":{"line":183,"column":9}},"56":{"start":{"line":185,"column":6},"end":{"line":185,"column":18}},"57":{"start":{"line":191,"column":4},"end":{"line":210,"column":5}},"58":{"start":{"line":192,"column":15},"end":{"line":192,"column":39}},"59":{"start":{"line":194,"column":30},"end":{"line":203,"column":7}},"60":{"start":{"line":205,"column":6},"end":{"line":207,"column":9}},"61":{"start":{"line":209,"column":6},"end":{"line":209,"column":18}},"62":{"start":{"line":215,"column":4},"end":{"line":236,"column":5}},"63":{"start":{"line":216,"column":15},"end":{"line":216,"column":39}},"64":{"start":{"line":217,"column":28},"end":{"line":217,"column":36}},"65":{"start":{"line":219,"column":30},"end":{"line":229,"column":7}},"66":{"start":{"line":231,"column":6},"end":{"line":233,"column":9}},"67":{"start":{"line":235,"column":6},"end":{"line":235,"column":18}},"68":{"start":{"line":241,"column":4},"end":{"line":263,"column":5}},"69":{"start":{"line":242,"column":15},"end":{"line":242,"column":39}},"70":{"start":{"line":244,"column":30},"end":{"line":253,"column":7}},"71":{"start":{"line":254,"column":6},"end":{"line":256,"column":7}},"72":{"start":{"line":255,"column":8},"end":{"line":255,"column":75}},"73":{"start":{"line":258,"column":6},"end":{"line":260,"column":9}},"74":{"start":{"line":262,"column":6},"end":{"line":262,"column":18}},"75":{"start":{"line":268,"column":4},"end":{"line":322,"column":5}},"76":{"start":{"line":269,"column":15},"end":{"line":269,"column":39}},"77":{"start":{"line":270,"column":6},"end":{"line":270,"column":44}},"78":{"start":{"line":271,"column":30},"end":{"line":280,"column":7}},"79":{"start":{"line":281,"column":6},"end":{"line":281,"column":68}},"80":{"start":{"line":282,"column":25},"end":{"line":286,"column":8}},"81":{"start":{"line":287,"column":6},"end":{"line":289,"column":7}},"82":{"start":{"line":288,"column":8},"end":{"line":288,"column":70}},"83":{"start":{"line":291,"column":27},"end":{"line":295,"column":8}},"84":{"start":{"line":296,"column":6},"end":{"line":298,"column":7}},"85":{"start":{"line":297,"column":8},"end":{"line":297,"column":72}},"86":{"start":{"line":300,"column":22},"end":{"line":304,"column":8}},"87":{"start":{"line":305,"column":6},"end":{"line":307,"column":7}},"88":{"start":{"line":306,"column":8},"end":{"line":306,"column":67}},"89":{"start":{"line":308,"column":6},"end":{"line":308,"column":55}},"90":{"start":{"line":309,"column":6},"end":{"line":309,"column":69}},"91":{"start":{"line":310,"column":26},"end":{"line":310,"column":61}},"92":{"start":{"line":311,"column":6},"end":{"line":313,"column":7}},"93":{"start":{"line":312,"column":8},"end":{"line":312,"column":72}},"94":{"start":{"line":314,"column":6},"end":{"line":314,"column":73}},"95":{"start":{"line":316,"column":6},"end":{"line":318,"column":9}},"96":{"start":{"line":320,"column":6},"end":{"line":320,"column":24}},"97":{"start":{"line":321,"column":6},"end":{"line":321,"column":18}},"98":{"start":{"line":327,"column":4},"end":{"line":346,"column":5}},"99":{"start":{"line":328,"column":21},"end":{"line":328,"column":29}},"100":{"start":{"line":329,"column":23},"end":{"line":334,"column":8}},"101":{"start":{"line":336,"column":19},"end":{"line":341,"column":8}},"102":{"start":{"line":342,"column":6},"end":{"line":342,"column":33}},"103":{"start":{"line":344,"column":6},"end":{"line":344,"column":18}},"104":{"start":{"line":345,"column":6},"end":{"line":345,"column":25}},"105":{"start":{"line":350,"column":4},"end":{"line":367,"column":5}},"106":{"start":{"line":351,"column":21},"end":{"line":351,"column":29}},"107":{"start":{"line":352,"column":23},"end":{"line":357,"column":8}},"108":{"start":{"line":358,"column":19},"end":{"line":363,"column":8}},"109":{"start":{"line":364,"column":6},"end":{"line":364,"column":33}},"110":{"start":{"line":366,"column":6},"end":{"line":366,"column":18}},"111":{"start":{"line":371,"column":4},"end":{"line":381,"column":5}},"112":{"start":{"line":372,"column":21},"end":{"line":372,"column":29}},"113":{"start":{"line":373,"column":19},"end":{"line":378,"column":8}},"114":{"start":{"line":380,"column":6},"end":{"line":380,"column":18}},"115":{"start":{"line":385,"column":4},"end":{"line":397,"column":5}},"116":{"start":{"line":386,"column":21},"end":{"line":386,"column":29}},"117":{"start":{"line":387,"column":6},"end":{"line":387,"column":22}},"118":{"start":{"line":388,"column":19},"end":{"line":392,"column":8}},"119":{"start":{"line":393,"column":6},"end":{"line":393,"column":33}},"120":{"start":{"line":395,"column":6},"end":{"line":395,"column":25}},"121":{"start":{"line":396,"column":6},"end":{"line":396,"column":18}},"122":{"start":{"line":400,"column":0},"end":{"line":400,"column":28}}},"fnMap":{"0":{"name":"(anonymous_0)","decl":{"start":{"line":16,"column":2},"end":{"line":16,"column":3}},"loc":{"start":{"line":16,"column":49},"end":{"line":114,"column":3}},"line":16},"1":{"name":"(anonymous_1)","decl":{"start":{"line":117,"column":2},"end":{"line":117,"column":3}},"loc":{"start":{"line":117,"column":52},"end":{"line":138,"column":3}},"line":117},"2":{"name":"(anonymous_2)","decl":{"start":{"line":141,"column":2},"end":{"line":141,"column":3}},"loc":{"start":{"line":141,"column":50},"end":{"line":187,"column":3}},"line":141},"3":{"name":"(anonymous_3)","decl":{"start":{"line":190,"column":2},"end":{"line":190,"column":3}},"loc":{"start":{"line":190,"column":48},"end":{"line":211,"column":3}},"line":190},"4":{"name":"(anonymous_4)","decl":{"start":{"line":214,"column":2},"end":{"line":214,"column":3}},"loc":{"start":{"line":214,"column":52},"end":{"line":237,"column":3}},"line":214},"5":{"name":"(anonymous_5)","decl":{"start":{"line":240,"column":2},"end":{"line":240,"column":3}},"loc":{"start":{"line":240,"column":53},"end":{"line":264,"column":3}},"line":240},"6":{"name":"(anonymous_6)","decl":{"start":{"line":267,"column":2},"end":{"line":267,"column":3}},"loc":{"start":{"line":267,"column":51},"end":{"line":323,"column":3}},"line":267},"7":{"name":"(anonymous_7)","decl":{"start":{"line":326,"column":2},"end":{"line":326,"column":3}},"loc":{"start":{"line":326,"column":58},"end":{"line":347,"column":3}},"line":326},"8":{"name":"(anonymous_8)","decl":{"start":{"line":349,"column":2},"end":{"line":349,"column":3}},"loc":{"start":{"line":349,"column":55},"end":{"line":368,"column":3}},"line":349},"9":{"name":"(anonymous_9)","decl":{"start":{"line":370,"column":2},"end":{"line":370,"column":3}},"loc":{"start":{"line":370,"column":54},"end":{"line":382,"column":3}},"line":370},"10":{"name":"(anonymous_10)","decl":{"start":{"line":384,"column":2},"end":{"line":384,"column":3}},"loc":{"start":{"line":384,"column":55},"end":{"line":398,"column":3}},"line":384}},"branchMap":{"0":{"loc":{"start":{"line":23,"column":6},"end":{"line":25,"column":7}},"type":"if","locations":[{"start":{"line":23,"column":6},"end":{"line":25,"column":7}},{"start":{},"end":{}}],"line":23},"1":{"loc":{"start":{"line":47,"column":6},"end":{"line":51,"column":7}},"type":"if","locations":[{"start":{"line":47,"column":6},"end":{"line":51,"column":7}},{"start":{"line":49,"column":13},"end":{"line":51,"column":7}}],"line":47},"2":{"loc":{"start":{"line":49,"column":13},"end":{"line":51,"column":7}},"type":"if","locations":[{"start":{"line":49,"column":13},"end":{"line":51,"column":7}},{"start":{},"end":{}}],"line":49},"3":{"loc":{"start":{"line":54,"column":6},"end":{"line":58,"column":7}},"type":"if","locations":[{"start":{"line":54,"column":6},"end":{"line":58,"column":7}},{"start":{"line":56,"column":13},"end":{"line":58,"column":7}}],"line":54},"4":{"loc":{"start":{"line":56,"column":13},"end":{"line":58,"column":7}},"type":"if","locations":[{"start":{"line":56,"column":13},"end":{"line":58,"column":7}},{"start":{},"end":{}}],"line":56},"5":{"loc":{"start":{"line":92,"column":6},"end":{"line":94,"column":7}},"type":"if","locations":[{"start":{"line":92,"column":6},"end":{"line":94,"column":7}},{"start":{},"end":{}}],"line":92},"6":{"loc":{"start":{"line":254,"column":6},"end":{"line":256,"column":7}},"type":"if","locations":[{"start":{"line":254,"column":6},"end":{"line":256,"column":7}},{"start":{},"end":{}}],"line":254},"7":{"loc":{"start":{"line":287,"column":6},"end":{"line":289,"column":7}},"type":"if","locations":[{"start":{"line":287,"column":6},"end":{"line":289,"column":7}},{"start":{},"end":{}}],"line":287},"8":{"loc":{"start":{"line":296,"column":6},"end":{"line":298,"column":7}},"type":"if","locations":[{"start":{"line":296,"column":6},"end":{"line":298,"column":7}},{"start":{},"end":{}}],"line":296},"9":{"loc":{"start":{"line":305,"column":6},"end":{"line":307,"column":7}},"type":"if","locations":[{"start":{"line":305,"column":6},"end":{"line":307,"column":7}},{"start":{},"end":{}}],"line":305},"10":{"loc":{"start":{"line":311,"column":6},"end":{"line":313,"column":7}},"type":"if","locations":[{"start":{"line":311,"column":6},"end":{"line":313,"column":7}},{"start":{},"end":{}}],"line":311}},"s":{"0":2,"1":2,"2":2,"3":2,"4":2,"5":7,"6":7,"7":7,"8":7,"9":7,"10":7,"11":1,"12":6,"13":6,"14":6,"15":6,"16":6,"17":6,"18":0,"19":0,"20":6,"21":6,"22":6,"23":6,"24":5,"25":1,"26":0,"27":6,"28":6,"29":5,"30":1,"31":0,"32":6,"33":6,"34":2,"35":2,"36":1,"37":1,"38":1,"39":1,"40":1,"41":5,"42":5,"43":2,"44":2,"45":2,"46":2,"47":0,"48":3,"49":3,"50":3,"51":3,"52":3,"53":1,"54":1,"55":1,"56":2,"57":1,"58":1,"59":1,"60":1,"61":0,"62":0,"63":0,"64":0,"65":0,"66":0,"67":0,"68":0,"69":0,"70":0,"71":0,"72":0,"73":0,"74":0,"75":1,"76":1,"77":1,"78":1,"79":1,"80":1,"81":1,"82":0,"83":1,"84":1,"85":0,"86":1,"87":1,"88":0,"89":1,"90":1,"91":1,"92":1,"93":0,"94":1,"95":1,"96":0,"97":0,"98":2,"99":2,"100":2,"101":2,"102":2,"103":0,"104":0,"105":2,"106":2,"107":2,"108":2,"109":2,"110":0,"111":0,"112":0,"113":0,"114":0,"115":0,"116":0,"117":0,"118":0,"119":0,"120":0,"121":0,"122":2},"f":{"0":7,"1":2,"2":3,"3":1,"4":0,"5":0,"6":1,"7":2,"8":2,"9":0,"10":0},"b":{"0":[1,6],"1":[5,1],"2":[0,1],"3":[5,1],"4":[0,1],"5":[1,1],"6":[0,0],"7":[0,1],"8":[0,1],"9":[0,1],"10":[0,1]},"_coverageSchema":"1a1c01bbd47fc00a2c39e90264f33305004495a9","hash":"4b5373fa121a0fa8af5fa06014b0845098dbdeaa"}
,"D:\\Hacktiv8\\Phase3\\FinalProject\\fotomag-server\\services\\helper\\helper.js": {"path":"D:\\Hacktiv8\\Phase3\\FinalProject\\fotomag-server\\services\\helper\\helper.js","statementMap":{"0":{"start":{"line":1,"column":15},"end":{"line":1,"column":34}},"1":{"start":{"line":2,"column":12},"end":{"line":2,"column":35}},"2":{"start":{"line":3,"column":18},"end":{"line":3,"column":38}},"3":{"start":{"line":5,"column":24},"end":{"line":5,"column":63}},"4":{"start":{"line":5,"column":38},"end":{"line":5,"column":63}},"5":{"start":{"line":6,"column":24},"end":{"line":6,"column":78}},"6":{"start":{"line":6,"column":44},"end":{"line":6,"column":78}},"7":{"start":{"line":8,"column":26},"end":{"line":8,"column":67}},"8":{"start":{"line":8,"column":39},"end":{"line":8,"column":67}},"9":{"start":{"line":9,"column":26},"end":{"line":9,"column":79}},"10":{"start":{"line":9,"column":44},"end":{"line":9,"column":79}},"11":{"start":{"line":11,"column":0},"end":{"line":16,"column":2}}},"fnMap":{"0":{"name":"(anonymous_0)","decl":{"start":{"line":5,"column":24},"end":{"line":5,"column":25}},"loc":{"start":{"line":5,"column":38},"end":{"line":5,"column":63}},"line":5},"1":{"name":"(anonymous_1)","decl":{"start":{"line":6,"column":24},"end":{"line":6,"column":25}},"loc":{"start":{"line":6,"column":44},"end":{"line":6,"column":78}},"line":6},"2":{"name":"(anonymous_2)","decl":{"start":{"line":8,"column":26},"end":{"line":8,"column":27}},"loc":{"start":{"line":8,"column":39},"end":{"line":8,"column":67}},"line":8},"3":{"name":"(anonymous_3)","decl":{"start":{"line":9,"column":26},"end":{"line":9,"column":27}},"loc":{"start":{"line":9,"column":44},"end":{"line":9,"column":79}},"line":9}},"branchMap":{},"s":{"0":2,"1":2,"2":2,"3":2,"4":7,"5":2,"6":4,"7":2,"8":7,"9":2,"10":28,"11":2},"f":{"0":7,"1":4,"2":7,"3":28},"b":{},"_coverageSchema":"1a1c01bbd47fc00a2c39e90264f33305004495a9","hash":"ffd7fefa391a6a59ff4cff0426c9fe7fca0eaf74"}
,"D:\\Hacktiv8\\Phase3\\FinalProject\\fotomag-server\\services\\middleware\\authenCourier.js": {"path":"D:\\Hacktiv8\\Phase3\\FinalProject\\fotomag-server\\services\\middleware\\authenCourier.js","statementMap":{"0":{"start":{"line":1,"column":30},"end":{"line":1,"column":57}},"1":{"start":{"line":2,"column":20},"end":{"line":2,"column":46}},"2":{"start":{"line":4,"column":22},"end":{"line":22,"column":1}},"3":{"start":{"line":5,"column":2},"end":{"line":21,"column":3}},"4":{"start":{"line":6,"column":29},"end":{"line":6,"column":40}},"5":{"start":{"line":7,"column":18},"end":{"line":7,"column":49}},"6":{"start":{"line":8,"column":19},"end":{"line":8,"column":53}},"7":{"start":{"line":9,"column":4},"end":{"line":11,"column":5}},"8":{"start":{"line":10,"column":6},"end":{"line":10,"column":45}},"9":{"start":{"line":13,"column":4},"end":{"line":16,"column":6}},"10":{"start":{"line":18,"column":4},"end":{"line":18,"column":11}},"11":{"start":{"line":20,"column":4},"end":{"line":20,"column":16}},"12":{"start":{"line":24,"column":0},"end":{"line":24,"column":31}}},"fnMap":{"0":{"name":"(anonymous_0)","decl":{"start":{"line":4,"column":22},"end":{"line":4,"column":23}},"loc":{"start":{"line":4,"column":48},"end":{"line":22,"column":1}},"line":4}},"branchMap":{"0":{"loc":{"start":{"line":9,"column":4},"end":{"line":11,"column":5}},"type":"if","locations":[{"start":{"line":9,"column":4},"end":{"line":11,"column":5}},{"start":{},"end":{}}],"line":9}},"s":{"0":2,"1":2,"2":2,"3":0,"4":0,"5":0,"6":0,"7":0,"8":0,"9":0,"10":0,"11":0,"12":2},"f":{"0":0},"b":{"0":[0,0]},"_coverageSchema":"1a1c01bbd47fc00a2c39e90264f33305004495a9","hash":"172dee0ce0a31ca8538e64159fc4c1088a54a545"}
,"D:\\Hacktiv8\\Phase3\\FinalProject\\fotomag-server\\services\\middleware\\authentication.js": {"path":"D:\\Hacktiv8\\Phase3\\FinalProject\\fotomag-server\\services\\middleware\\authentication.js","statementMap":{"0":{"start":{"line":1,"column":30},"end":{"line":1,"column":57}},"1":{"start":{"line":2,"column":17},"end":{"line":2,"column":43}},"2":{"start":{"line":4,"column":23},"end":{"line":23,"column":1}},"3":{"start":{"line":5,"column":2},"end":{"line":22,"column":3}},"4":{"start":{"line":6,"column":29},"end":{"line":6,"column":40}},"5":{"start":{"line":7,"column":18},"end":{"line":7,"column":49}},"6":{"start":{"line":8,"column":19},"end":{"line":8,"column":50}},"7":{"start":{"line":9,"column":4},"end":{"line":11,"column":5}},"8":{"start":{"line":10,"column":6},"end":{"line":10,"column":45}},"9":{"start":{"line":13,"column":4},"end":{"line":17,"column":6}},"10":{"start":{"line":19,"column":4},"end":{"line":19,"column":11}},"11":{"start":{"line":21,"column":4},"end":{"line":21,"column":16}},"12":{"start":{"line":25,"column":0},"end":{"line":25,"column":32}}},"fnMap":{"0":{"name":"(anonymous_0)","decl":{"start":{"line":4,"column":23},"end":{"line":4,"column":24}},"loc":{"start":{"line":4,"column":49},"end":{"line":23,"column":1}},"line":4}},"branchMap":{"0":{"loc":{"start":{"line":9,"column":4},"end":{"line":11,"column":5}},"type":"if","locations":[{"start":{"line":9,"column":4},"end":{"line":11,"column":5}},{"start":{},"end":{}}],"line":9}},"s":{"0":2,"1":2,"2":2,"3":23,"4":23,"5":23,"6":21,"7":21,"8":0,"9":21,"10":21,"11":2,"12":2},"f":{"0":23},"b":{"0":[0,21]},"_coverageSchema":"1a1c01bbd47fc00a2c39e90264f33305004495a9","hash":"3a7cb7d533778cde7c279991dcb57956d4f126c2"}
,"D:\\Hacktiv8\\Phase3\\FinalProject\\fotomag-server\\services\\middleware\\handleError.js": {"path":"D:\\Hacktiv8\\Phase3\\FinalProject\\fotomag-server\\services\\middleware\\handleError.js","statementMap":{"0":{"start":{"line":1,"column":21},"end":{"line":45,"column":1}},"1":{"start":{"line":2,"column":13},"end":{"line":2,"column":16}},"2":{"start":{"line":3,"column":16},"end":{"line":3,"column":39}},"3":{"start":{"line":4,"column":2},"end":{"line":4,"column":19}},"4":{"start":{"line":6,"column":2},"end":{"line":41,"column":3}},"5":{"start":{"line":10,"column":4},"end":{"line":10,"column":15}},"6":{"start":{"line":11,"column":4},"end":{"line":11,"column":17}},"7":{"start":{"line":12,"column":4},"end":{"line":14,"column":7}},"8":{"start":{"line":13,"column":6},"end":{"line":13,"column":31}},"9":{"start":{"line":15,"column":9},"end":{"line":41,"column":3}},"10":{"start":{"line":16,"column":4},"end":{"line":16,"column":15}},"11":{"start":{"line":17,"column":4},"end":{"line":17,"column":39}},"12":{"start":{"line":18,"column":9},"end":{"line":41,"column":3}},"13":{"start":{"line":19,"column":4},"end":{"line":19,"column":15}},"14":{"start":{"line":20,"column":4},"end":{"line":20,"column":29}},"15":{"start":{"line":21,"column":9},"end":{"line":41,"column":3}},"16":{"start":{"line":22,"column":4},"end":{"line":22,"column":15}},"17":{"start":{"line":23,"column":4},"end":{"line":23,"column":37}},"18":{"start":{"line":24,"column":9},"end":{"line":41,"column":3}},"19":{"start":{"line":25,"column":4},"end":{"line":25,"column":15}},"20":{"start":{"line":26,"column":4},"end":{"line":26,"column":34}},"21":{"start":{"line":27,"column":9},"end":{"line":41,"column":3}},"22":{"start":{"line":28,"column":4},"end":{"line":28,"column":15}},"23":{"start":{"line":29,"column":4},"end":{"line":29,"column":30}},"24":{"start":{"line":30,"column":9},"end":{"line":41,"column":3}},"25":{"start":{"line":31,"column":4},"end":{"line":31,"column":15}},"26":{"start":{"line":32,"column":4},"end":{"line":32,"column":39}},"27":{"start":{"line":33,"column":9},"end":{"line":41,"column":3}},"28":{"start":{"line":34,"column":4},"end":{"line":34,"column":57}},"29":{"start":{"line":35,"column":9},"end":{"line":41,"column":3}},"30":{"start":{"line":36,"column":4},"end":{"line":36,"column":52}},"31":{"start":{"line":37,"column":9},"end":{"line":41,"column":3}},"32":{"start":{"line":38,"column":4},"end":{"line":38,"column":53}},"33":{"start":{"line":39,"column":9},"end":{"line":41,"column":3}},"34":{"start":{"line":40,"column":4},"end":{"line":40,"column":52}},"35":{"start":{"line":42,"column":2},"end":{"line":44,"column":5}},"36":{"start":{"line":47,"column":0},"end":{"line":47,"column":30}}},"fnMap":{"0":{"name":"(anonymous_0)","decl":{"start":{"line":1,"column":21},"end":{"line":1,"column":22}},"loc":{"start":{"line":1,"column":46},"end":{"line":45,"column":1}},"line":1},"1":{"name":"(anonymous_1)","decl":{"start":{"line":12,"column":23},"end":{"line":12,"column":24}},"loc":{"start":{"line":12,"column":31},"end":{"line":14,"column":5}},"line":12}},"branchMap":{"0":{"loc":{"start":{"line":6,"column":2},"end":{"line":41,"column":3}},"type":"if","locations":[{"start":{"line":6,"column":2},"end":{"line":41,"column":3}},{"start":{"line":15,"column":9},"end":{"line":41,"column":3}}],"line":6},"1":{"loc":{"start":{"line":7,"column":4},"end":{"line":8,"column":49}},"type":"binary-expr","locations":[{"start":{"line":7,"column":4},"end":{"line":7,"column":43}},{"start":{"line":8,"column":4},"end":{"line":8,"column":49}}],"line":7},"2":{"loc":{"start":{"line":15,"column":9},"end":{"line":41,"column":3}},"type":"if","locations":[{"start":{"line":15,"column":9},"end":{"line":41,"column":3}},{"start":{"line":18,"column":9},"end":{"line":41,"column":3}}],"line":15},"3":{"loc":{"start":{"line":18,"column":9},"end":{"line":41,"column":3}},"type":"if","locations":[{"start":{"line":18,"column":9},"end":{"line":41,"column":3}},{"start":{"line":21,"column":9},"end":{"line":41,"column":3}}],"line":18},"4":{"loc":{"start":{"line":21,"column":9},"end":{"line":41,"column":3}},"type":"if","locations":[{"start":{"line":21,"column":9},"end":{"line":41,"column":3}},{"start":{"line":24,"column":9},"end":{"line":41,"column":3}}],"line":21},"5":{"loc":{"start":{"line":24,"column":9},"end":{"line":41,"column":3}},"type":"if","locations":[{"start":{"line":24,"column":9},"end":{"line":41,"column":3}},{"start":{"line":27,"column":9},"end":{"line":41,"column":3}}],"line":24},"6":{"loc":{"start":{"line":27,"column":9},"end":{"line":41,"column":3}},"type":"if","locations":[{"start":{"line":27,"column":9},"end":{"line":41,"column":3}},{"start":{"line":30,"column":9},"end":{"line":41,"column":3}}],"line":27},"7":{"loc":{"start":{"line":30,"column":9},"end":{"line":41,"column":3}},"type":"if","locations":[{"start":{"line":30,"column":9},"end":{"line":41,"column":3}},{"start":{"line":33,"column":9},"end":{"line":41,"column":3}}],"line":30},"8":{"loc":{"start":{"line":33,"column":9},"end":{"line":41,"column":3}},"type":"if","locations":[{"start":{"line":33,"column":9},"end":{"line":41,"column":3}},{"start":{"line":35,"column":9},"end":{"line":41,"column":3}}],"line":33},"9":{"loc":{"start":{"line":35,"column":9},"end":{"line":41,"column":3}},"type":"if","locations":[{"start":{"line":35,"column":9},"end":{"line":41,"column":3}},{"start":{"line":37,"column":9},"end":{"line":41,"column":3}}],"line":35},"10":{"loc":{"start":{"line":37,"column":9},"end":{"line":41,"column":3}},"type":"if","locations":[{"start":{"line":37,"column":9},"end":{"line":41,"column":3}},{"start":{"line":39,"column":9},"end":{"line":41,"column":3}}],"line":37},"11":{"loc":{"start":{"line":39,"column":9},"end":{"line":41,"column":3}},"type":"if","locations":[{"start":{"line":39,"column":9},"end":{"line":41,"column":3}},{"start":{},"end":{}}],"line":39}},"s":{"0":2,"1":33,"2":33,"3":33,"4":33,"5":17,"6":17,"7":17,"8":17,"9":16,"10":4,"11":4,"12":12,"13":0,"14":0,"15":12,"16":2,"17":2,"18":10,"19":2,"20":2,"21":8,"22":2,"23":2,"24":6,"25":0,"26":0,"27":6,"28":0,"29":6,"30":0,"31":6,"32":1,"33":5,"34":2,"35":33,"36":2},"f":{"0":33,"1":17},"b":{"0":[17,16],"1":[33,18],"2":[4,12],"3":[0,12],"4":[2,10],"5":[2,8],"6":[2,6],"7":[0,6],"8":[0,6],"9":[0,6],"10":[1,5],"11":[2,3]},"_coverageSchema":"1a1c01bbd47fc00a2c39e90264f33305004495a9","hash":"53b0658c4bbfdc0f575ebb7cd698a131b480d7d2"}
,"D:\\Hacktiv8\\Phase3\\FinalProject\\fotomag-server\\services\\middleware\\multer.js": {"path":"D:\\Hacktiv8\\Phase3\\FinalProject\\fotomag-server\\services\\middleware\\multer.js","statementMap":{"0":{"start":{"line":1,"column":15},"end":{"line":1,"column":32}},"1":{"start":{"line":4,"column":16},"end":{"line":4,"column":38}},"2":{"start":{"line":5,"column":13},"end":{"line":7,"column":2}},"3":{"start":{"line":11,"column":0},"end":{"line":11,"column":23}}},"fnMap":{},"branchMap":{},"s":{"0":2,"1":2,"2":2,"3":2},"f":{},"b":{},"_coverageSchema":"1a1c01bbd47fc00a2c39e90264f33305004495a9","hash":"0231d1fb48e3c79a341f22f3da1669e52c05c923"}
,"D:\\Hacktiv8\\Phase3\\FinalProject\\fotomag-server\\services\\models\\atk.js": {"path":"D:\\Hacktiv8\\Phase3\\FinalProject\\fotomag-server\\services\\models\\atk.js","statementMap":{"0":{"start":{"line":2,"column":18},"end":{"line":2,"column":38}},"1":{"start":{"line":3,"column":0},"end":{"line":113,"column":2}},"2":{"start":{"line":12,"column":6},"end":{"line":14,"column":8}},"3":{"start":{"line":15,"column":6},"end":{"line":17,"column":8}},"4":{"start":{"line":20,"column":2},"end":{"line":111,"column":4}},"5":{"start":{"line":112,"column":2},"end":{"line":112,"column":13}}},"fnMap":{"0":{"name":"(anonymous_0)","decl":{"start":{"line":3,"column":17},"end":{"line":3,"column":18}},"loc":{"start":{"line":3,"column":43},"end":{"line":113,"column":1}},"line":3},"1":{"name":"(anonymous_1)","decl":{"start":{"line":10,"column":4},"end":{"line":10,"column":5}},"loc":{"start":{"line":10,"column":29},"end":{"line":18,"column":5}},"line":10}},"branchMap":{},"s":{"0":2,"1":2,"2":2,"3":2,"4":2,"5":2},"f":{"0":2,"1":2},"b":{},"_coverageSchema":"1a1c01bbd47fc00a2c39e90264f33305004495a9","hash":"c476fc7c6ae2543b366a5b2b22f176cf411789ac"}
,"D:\\Hacktiv8\\Phase3\\FinalProject\\fotomag-server\\services\\models\\balancemutation.js": {"path":"D:\\Hacktiv8\\Phase3\\FinalProject\\fotomag-server\\services\\models\\balancemutation.js","statementMap":{"0":{"start":{"line":2,"column":18},"end":{"line":2,"column":38}},"1":{"start":{"line":3,"column":0},"end":{"line":66,"column":2}},"2":{"start":{"line":12,"column":6},"end":{"line":14,"column":8}},"3":{"start":{"line":15,"column":6},"end":{"line":17,"column":8}},"4":{"start":{"line":20,"column":2},"end":{"line":64,"column":4}},"5":{"start":{"line":65,"column":2},"end":{"line":65,"column":25}}},"fnMap":{"0":{"name":"(anonymous_0)","decl":{"start":{"line":3,"column":17},"end":{"line":3,"column":18}},"loc":{"start":{"line":3,"column":43},"end":{"line":66,"column":1}},"line":3},"1":{"name":"(anonymous_1)","decl":{"start":{"line":10,"column":4},"end":{"line":10,"column":5}},"loc":{"start":{"line":10,"column":29},"end":{"line":18,"column":5}},"line":10}},"branchMap":{},"s":{"0":2,"1":2,"2":2,"3":2,"4":2,"5":2},"f":{"0":2,"1":2},"b":{},"_coverageSchema":"1a1c01bbd47fc00a2c39e90264f33305004495a9","hash":"49a25a67170298d728b16c30ab2c24cb185c5b2b"}
,"D:\\Hacktiv8\\Phase3\\FinalProject\\fotomag-server\\services\\models\\courier.js": {"path":"D:\\Hacktiv8\\Phase3\\FinalProject\\fotomag-server\\services\\models\\courier.js","statementMap":{"0":{"start":{"line":2,"column":18},"end":{"line":2,"column":38}},"1":{"start":{"line":3,"column":28},"end":{"line":3,"column":55}},"2":{"start":{"line":4,"column":0},"end":{"line":99,"column":2}},"3":{"start":{"line":13,"column":6},"end":{"line":15,"column":9}},"4":{"start":{"line":16,"column":6},"end":{"line":18,"column":9}},"5":{"start":{"line":21,"column":2},"end":{"line":94,"column":4}},"6":{"start":{"line":95,"column":2},"end":{"line":97,"column":5}},"7":{"start":{"line":96,"column":4},"end":{"line":96,"column":51}},"8":{"start":{"line":98,"column":2},"end":{"line":98,"column":17}}},"fnMap":{"0":{"name":"(anonymous_0)","decl":{"start":{"line":4,"column":17},"end":{"line":4,"column":18}},"loc":{"start":{"line":4,"column":43},"end":{"line":99,"column":1}},"line":4},"1":{"name":"(anonymous_1)","decl":{"start":{"line":11,"column":4},"end":{"line":11,"column":5}},"loc":{"start":{"line":11,"column":29},"end":{"line":19,"column":5}},"line":11},"2":{"name":"(anonymous_2)","decl":{"start":{"line":95,"column":23},"end":{"line":95,"column":24}},"loc":{"start":{"line":95,"column":33},"end":{"line":97,"column":3}},"line":95}},"branchMap":{},"s":{"0":2,"1":2,"2":2,"3":2,"4":2,"5":2,"6":2,"7":3,"8":2},"f":{"0":2,"1":2,"2":3},"b":{},"_coverageSchema":"1a1c01bbd47fc00a2c39e90264f33305004495a9","hash":"3b8abe4bac01e01cfe47edc4cb254fb79a22508c"}
,"D:\\Hacktiv8\\Phase3\\FinalProject\\fotomag-server\\services\\models\\index.js": {"path":"D:\\Hacktiv8\\Phase3\\FinalProject\\fotomag-server\\services\\models\\index.js","statementMap":{"0":{"start":{"line":3,"column":11},"end":{"line":3,"column":24}},"1":{"start":{"line":4,"column":13},"end":{"line":4,"column":28}},"2":{"start":{"line":5,"column":18},"end":{"line":5,"column":38}},"3":{"start":{"line":6,"column":16},"end":{"line":6,"column":34}},"4":{"start":{"line":7,"column":17},"end":{"line":7,"column":42}},"5":{"start":{"line":8,"column":12},"end":{"line":8,"column":49}},"6":{"start":{"line":9,"column":15},"end":{"line":9,"column":65}},"7":{"start":{"line":10,"column":11},"end":{"line":10,"column":13}},"8":{"start":{"line":13,"column":0},"end":{"line":17,"column":1}},"9":{"start":{"line":14,"column":2},"end":{"line":14,"column":74}},"10":{"start":{"line":16,"column":2},"end":{"line":16,"column":87}},"11":{"start":{"line":19,"column":0},"end":{"line":27,"column":5}},"12":{"start":{"line":22,"column":4},"end":{"line":22,"column":90}},"13":{"start":{"line":25,"column":18},"end":{"line":25,"column":85}},"14":{"start":{"line":26,"column":4},"end":{"line":26,"column":27}},"15":{"start":{"line":29,"column":0},"end":{"line":33,"column":3}},"16":{"start":{"line":30,"column":2},"end":{"line":32,"column":3}},"17":{"start":{"line":31,"column":4},"end":{"line":31,"column":32}},"18":{"start":{"line":35,"column":0},"end":{"line":35,"column":25}},"19":{"start":{"line":36,"column":0},"end":{"line":36,"column":25}},"20":{"start":{"line":38,"column":0},"end":{"line":38,"column":20}}},"fnMap":{"0":{"name":"(anonymous_0)","decl":{"start":{"line":21,"column":10},"end":{"line":21,"column":11}},"loc":{"start":{"line":21,"column":18},"end":{"line":23,"column":3}},"line":21},"1":{"name":"(anonymous_1)","decl":{"start":{"line":24,"column":11},"end":{"line":24,"column":12}},"loc":{"start":{"line":24,"column":19},"end":{"line":27,"column":3}},"line":24},"2":{"name":"(anonymous_2)","decl":{"start":{"line":29,"column":24},"end":{"line":29,"column":25}},"loc":{"start":{"line":29,"column":37},"end":{"line":33,"column":1}},"line":29}},"branchMap":{"0":{"loc":{"start":{"line":8,"column":12},"end":{"line":8,"column":49}},"type":"binary-expr","locations":[{"start":{"line":8,"column":12},"end":{"line":8,"column":32}},{"start":{"line":8,"column":36},"end":{"line":8,"column":49}}],"line":8},"1":{"loc":{"start":{"line":13,"column":0},"end":{"line":17,"column":1}},"type":"if","locations":[{"start":{"line":13,"column":0},"end":{"line":17,"column":1}},{"start":{"line":15,"column":7},"end":{"line":17,"column":1}}],"line":13},"2":{"loc":{"start":{"line":22,"column":11},"end":{"line":22,"column":89}},"type":"binary-expr","locations":[{"start":{"line":22,"column":12},"end":{"line":22,"column":35}},{"start":{"line":22,"column":41},"end":{"line":22,"column":58}},{"start":{"line":22,"column":64},"end":{"line":22,"column":88}}],"line":22},"3":{"loc":{"start":{"line":30,"column":2},"end":{"line":32,"column":3}},"type":"if","locations":[{"start":{"line":30,"column":2},"end":{"line":32,"column":3}},{"start":{},"end":{}}],"line":30}},"s":{"0":2,"1":2,"2":2,"3":2,"4":2,"5":2,"6":2,"7":2,"8":2,"9":0,"10":2,"11":2,"12":12,"13":10,"14":10,"15":2,"16":10,"17":10,"18":2,"19":2,"20":2},"f":{"0":12,"1":10,"2":10},"b":{"0":[2,0],"1":[0,2],"2":[12,12,10],"3":[10,0]},"_coverageSchema":"1a1c01bbd47fc00a2c39e90264f33305004495a9","hash":"9c373fc43aa3b39b0a7bee1f671e0ffab300b176"}
,"D:\\Hacktiv8\\Phase3\\FinalProject\\fotomag-server\\services\\models\\transaction.js": {"path":"D:\\Hacktiv8\\Phase3\\FinalProject\\fotomag-server\\services\\models\\transaction.js","statementMap":{"0":{"start":{"line":2,"column":18},"end":{"line":2,"column":38}},"1":{"start":{"line":3,"column":0},"end":{"line":166,"column":2}},"2":{"start":{"line":12,"column":6},"end":{"line":14,"column":9}},"3":{"start":{"line":15,"column":6},"end":{"line":17,"column":9}},"4":{"start":{"line":18,"column":6},"end":{"line":20,"column":9}},"5":{"start":{"line":23,"column":2},"end":{"line":163,"column":4}},"6":{"start":{"line":165,"column":2},"end":{"line":165,"column":21}}},"fnMap":{"0":{"name":"(anonymous_0)","decl":{"start":{"line":3,"column":17},"end":{"line":3,"column":18}},"loc":{"start":{"line":3,"column":43},"end":{"line":166,"column":1}},"line":3},"1":{"name":"(anonymous_1)","decl":{"start":{"line":10,"column":4},"end":{"line":10,"column":5}},"loc":{"start":{"line":10,"column":29},"end":{"line":21,"column":5}},"line":10}},"branchMap":{},"s":{"0":2,"1":2,"2":2,"3":2,"4":2,"5":2,"6":2},"f":{"0":2,"1":2},"b":{},"_coverageSchema":"1a1c01bbd47fc00a2c39e90264f33305004495a9","hash":"ac47c9f56656ad5f24ea1527621a84d09e9e7023"}
,"D:\\Hacktiv8\\Phase3\\FinalProject\\fotomag-server\\services\\models\\user.js": {"path":"D:\\Hacktiv8\\Phase3\\FinalProject\\fotomag-server\\services\\models\\user.js","statementMap":{"0":{"start":{"line":2,"column":18},"end":{"line":2,"column":38}},"1":{"start":{"line":3,"column":28},"end":{"line":3,"column":55}},"2":{"start":{"line":5,"column":0},"end":{"line":117,"column":2}},"3":{"start":{"line":14,"column":6},"end":{"line":16,"column":9}},"4":{"start":{"line":17,"column":6},"end":{"line":19,"column":9}},"5":{"start":{"line":20,"column":6},"end":{"line":22,"column":9}},"6":{"start":{"line":25,"column":2},"end":{"line":111,"column":4}},"7":{"start":{"line":113,"column":2},"end":{"line":115,"column":5}},"8":{"start":{"line":114,"column":4},"end":{"line":114,"column":51}},"9":{"start":{"line":116,"column":2},"end":{"line":116,"column":14}}},"fnMap":{"0":{"name":"(anonymous_0)","decl":{"start":{"line":5,"column":17},"end":{"line":5,"column":18}},"loc":{"start":{"line":5,"column":43},"end":{"line":117,"column":1}},"line":5},"1":{"name":"(anonymous_1)","decl":{"start":{"line":12,"column":4},"end":{"line":12,"column":5}},"loc":{"start":{"line":12,"column":29},"end":{"line":23,"column":5}},"line":12},"2":{"name":"(anonymous_2)","decl":{"start":{"line":113,"column":20},"end":{"line":113,"column":21}},"loc":{"start":{"line":113,"column":30},"end":{"line":115,"column":3}},"line":113}},"branchMap":{},"s":{"0":2,"1":2,"2":2,"3":2,"4":2,"5":2,"6":2,"7":2,"8":4,"9":2},"f":{"0":2,"1":2,"2":4},"b":{},"_coverageSchema":"1a1c01bbd47fc00a2c39e90264f33305004495a9","hash":"d20db55769ac7de342805c58db1b8450c448b465"}
,"D:\\Hacktiv8\\Phase3\\FinalProject\\fotomag-server\\services\\routes\\balance.js": {"path":"D:\\Hacktiv8\\Phase3\\FinalProject\\fotomag-server\\services\\routes\\balance.js","statementMap":{"0":{"start":{"line":1,"column":19},"end":{"line":1,"column":51}},"1":{"start":{"line":2,"column":23},"end":{"line":2,"column":62}},"2":{"start":{"line":3,"column":22},"end":{"line":3,"column":49}},"3":{"start":{"line":5,"column":0},"end":{"line":5,"column":61}},"4":{"start":{"line":7,"column":0},"end":{"line":7,"column":31}}},"fnMap":{},"branchMap":{},"s":{"0":2,"1":2,"2":2,"3":2,"4":2},"f":{},"b":{},"_coverageSchema":"1a1c01bbd47fc00a2c39e90264f33305004495a9","hash":"dd82d9e6a256d6d40acc305822e740f2df9aca98"}
,"D:\\Hacktiv8\\Phase3\\FinalProject\\fotomag-server\\services\\routes\\courier.js": {"path":"D:\\Hacktiv8\\Phase3\\FinalProject\\fotomag-server\\services\\routes\\courier.js","statementMap":{"0":{"start":{"line":1,"column":19},"end":{"line":1,"column":51}},"1":{"start":{"line":2,"column":23},"end":{"line":2,"column":62}},"2":{"start":{"line":5,"column":22},"end":{"line":5,"column":49}},"3":{"start":{"line":7,"column":0},"end":{"line":7,"column":69}},"4":{"start":{"line":9,"column":0},"end":{"line":9,"column":31}}},"fnMap":{},"branchMap":{},"s":{"0":2,"1":2,"2":2,"3":2,"4":2},"f":{},"b":{},"_coverageSchema":"1a1c01bbd47fc00a2c39e90264f33305004495a9","hash":"8a361cb81b3ae55f7327ed4be5ae675b8aceebce"}
,"D:\\Hacktiv8\\Phase3\\FinalProject\\fotomag-server\\services\\routes\\customer.js": {"path":"D:\\Hacktiv8\\Phase3\\FinalProject\\fotomag-server\\services\\routes\\customer.js","statementMap":{"0":{"start":{"line":1,"column":19},"end":{"line":1,"column":52}},"1":{"start":{"line":3,"column":23},"end":{"line":3,"column":50}},"2":{"start":{"line":5,"column":0},"end":{"line":5,"column":54}},"3":{"start":{"line":7,"column":0},"end":{"line":7,"column":32}}},"fnMap":{},"branchMap":{},"s":{"0":2,"1":2,"2":2,"3":2},"f":{},"b":{},"_coverageSchema":"1a1c01bbd47fc00a2c39e90264f33305004495a9","hash":"4670a95cd3a11c6ccc05669de67d9ab5167b976e"}
,"D:\\Hacktiv8\\Phase3\\FinalProject\\fotomag-server\\services\\routes\\index.js": {"path":"D:\\Hacktiv8\\Phase3\\FinalProject\\fotomag-server\\services\\routes\\index.js","statementMap":{"0":{"start":{"line":1,"column":15},"end":{"line":1,"column":42}},"1":{"start":{"line":2,"column":22},"end":{"line":2,"column":42}},"2":{"start":{"line":3,"column":22},"end":{"line":3,"column":42}},"3":{"start":{"line":4,"column":23},"end":{"line":4,"column":44}},"4":{"start":{"line":5,"column":20},"end":{"line":5,"column":38}},"5":{"start":{"line":6,"column":23},"end":{"line":6,"column":44}},"6":{"start":{"line":7,"column":26},"end":{"line":7,"column":50}},"7":{"start":{"line":9,"column":0},"end":{"line":9,"column":34}},"8":{"start":{"line":10,"column":0},"end":{"line":10,"column":40}},"9":{"start":{"line":11,"column":0},"end":{"line":11,"column":40}},"10":{"start":{"line":12,"column":0},"end":{"line":12,"column":38}},"11":{"start":{"line":13,"column":0},"end":{"line":13,"column":38}},"12":{"start":{"line":14,"column":0},"end":{"line":14,"column":46}},"13":{"start":{"line":16,"column":0},"end":{"line":16,"column":24}}},"fnMap":{},"branchMap":{},"s":{"0":2,"1":2,"2":2,"3":2,"4":2,"5":2,"6":2,"7":2,"8":2,"9":2,"10":2,"11":2,"12":2,"13":2},"f":{},"b":{},"_coverageSchema":"1a1c01bbd47fc00a2c39e90264f33305004495a9","hash":"6ef0f37926fee8e8732f484df7e82a8f9cd502f3"}
,"D:\\Hacktiv8\\Phase3\\FinalProject\\fotomag-server\\services\\routes\\login.js": {"path":"D:\\Hacktiv8\\Phase3\\FinalProject\\fotomag-server\\services\\routes\\login.js","statementMap":{"0":{"start":{"line":1,"column":19},"end":{"line":1,"column":49}},"1":{"start":{"line":3,"column":20},"end":{"line":3,"column":47}},"2":{"start":{"line":5,"column":0},"end":{"line":5,"column":42}},"3":{"start":{"line":7,"column":0},"end":{"line":7,"column":29}}},"fnMap":{},"branchMap":{},"s":{"0":2,"1":2,"2":2,"3":2},"f":{},"b":{},"_coverageSchema":"1a1c01bbd47fc00a2c39e90264f33305004495a9","hash":"58e8269d0b61d929e8cae6cca2894e0296144837"}
,"D:\\Hacktiv8\\Phase3\\FinalProject\\fotomag-server\\services\\routes\\servicer.js": {"path":"D:\\Hacktiv8\\Phase3\\FinalProject\\fotomag-server\\services\\routes\\servicer.js","statementMap":{"0":{"start":{"line":1,"column":19},"end":{"line":1,"column":52}},"1":{"start":{"line":2,"column":23},"end":{"line":2,"column":50}},"2":{"start":{"line":4,"column":0},"end":{"line":4,"column":54}},"3":{"start":{"line":5,"column":0},"end":{"line":5,"column":49}},"4":{"start":{"line":6,"column":0},"end":{"line":6,"column":54}},"5":{"start":{"line":7,"column":0},"end":{"line":7,"column":57}},"6":{"start":{"line":9,"column":0},"end":{"line":9,"column":32}}},"fnMap":{},"branchMap":{},"s":{"0":2,"1":2,"2":2,"3":2,"4":2,"5":2,"6":2},"f":{},"b":{},"_coverageSchema":"1a1c01bbd47fc00a2c39e90264f33305004495a9","hash":"3ce5ed404f0ca26edd6b6492b7f7dd3e762421cf"}
,"D:\\Hacktiv8\\Phase3\\FinalProject\\fotomag-server\\services\\routes\\transaction.js": {"path":"D:\\Hacktiv8\\Phase3\\FinalProject\\fotomag-server\\services\\routes\\transaction.js","statementMap":{"0":{"start":{"line":1,"column":19},"end":{"line":1,"column":55}},"1":{"start":{"line":2,"column":22},"end":{"line":2,"column":60}},"2":{"start":{"line":3,"column":23},"end":{"line":3,"column":62}},"3":{"start":{"line":4,"column":15},"end":{"line":4,"column":46}},"4":{"start":{"line":5,"column":26},"end":{"line":5,"column":53}},"5":{"start":{"line":7,"column":0},"end":{"line":10,"column":2}},"6":{"start":{"line":12,"column":0},"end":{"line":15,"column":2}},"7":{"start":{"line":17,"column":0},"end":{"line":17,"column":77}},"8":{"start":{"line":18,"column":0},"end":{"line":21,"column":2}},"9":{"start":{"line":22,"column":0},"end":{"line":25,"column":2}},"10":{"start":{"line":26,"column":0},"end":{"line":29,"column":2}},"11":{"start":{"line":33,"column":0},"end":{"line":37,"column":2}},"12":{"start":{"line":38,"column":0},"end":{"line":42,"column":2}},"13":{"start":{"line":43,"column":0},"end":{"line":47,"column":2}},"14":{"start":{"line":48,"column":0},"end":{"line":52,"column":2}},"15":{"start":{"line":54,"column":0},"end":{"line":54,"column":38}},"16":{"start":{"line":55,"column":0},"end":{"line":59,"column":2}},"17":{"start":{"line":61,"column":0},"end":{"line":61,"column":35}}},"fnMap":{},"branchMap":{},"s":{"0":2,"1":2,"2":2,"3":2,"4":2,"5":2,"6":2,"7":2,"8":2,"9":2,"10":2,"11":2,"12":2,"13":2,"14":2,"15":2,"16":2,"17":2},"f":{},"b":{},"_coverageSchema":"1a1c01bbd47fc00a2c39e90264f33305004495a9","hash":"daf1d8dd8d788af609f73b1d564279b9bbb30f83"}
}
