{"D:\\BootcampHactive8\\FinalProject\\fotomag-server\\services\\app.js": {"path":"D:\\BootcampHactive8\\FinalProject\\fotomag-server\\services\\app.js","statementMap":{"0":{"start":{"line":1,"column":0},"end":{"line":3,"column":1}},"1":{"start":{"line":2,"column":2},"end":{"line":2,"column":29}},"2":{"start":{"line":4,"column":13},"end":{"line":4,"column":28}},"3":{"start":{"line":5,"column":16},"end":{"line":5,"column":34}},"4":{"start":{"line":6,"column":21},"end":{"line":6,"column":56}},"5":{"start":{"line":7,"column":15},"end":{"line":7,"column":34}},"6":{"start":{"line":8,"column":15},"end":{"line":8,"column":32}},"7":{"start":{"line":9,"column":12},"end":{"line":9,"column":21}},"8":{"start":{"line":10,"column":13},"end":{"line":10,"column":17}},"9":{"start":{"line":12,"column":19},"end":{"line":12,"column":55}},"10":{"start":{"line":14,"column":0},"end":{"line":14,"column":16}},"11":{"start":{"line":15,"column":0},"end":{"line":15,"column":48}},"12":{"start":{"line":16,"column":0},"end":{"line":16,"column":24}},"13":{"start":{"line":24,"column":0},"end":{"line":24,"column":21}},"14":{"start":{"line":25,"column":0},"end":{"line":25,"column":22}},"15":{"start":{"line":26,"column":0},"end":{"line":26,"column":27}},"16":{"start":{"line":31,"column":0},"end":{"line":31,"column":20}}},"fnMap":{},"branchMap":{"0":{"loc":{"start":{"line":1,"column":0},"end":{"line":3,"column":1}},"type":"if","locations":[{"start":{"line":1,"column":0},"end":{"line":3,"column":1}},{"start":{},"end":{}}],"line":1}},"s":{"0":2,"1":2,"2":2,"3":2,"4":2,"5":2,"6":2,"7":2,"8":2,"9":2,"10":2,"11":2,"12":2,"13":2,"14":2,"15":2,"16":2},"f":{},"b":{"0":[2,0]},"_coverageSchema":"1a1c01bbd47fc00a2c39e90264f33305004495a9","hash":"12be420c2c7bd4564238c9c604ab103af3249534"}
,"D:\\BootcampHactive8\\FinalProject\\fotomag-server\\services\\config\\cloudinaryConfig.js": {"path":"D:\\BootcampHactive8\\FinalProject\\fotomag-server\\services\\config\\cloudinaryConfig.js","statementMap":{"0":{"start":{"line":1,"column":19},"end":{"line":1,"column":43}},"1":{"start":{"line":3,"column":0},"end":{"line":7,"column":2}},"2":{"start":{"line":9,"column":0},"end":{"line":9,"column":27}}},"fnMap":{},"branchMap":{},"s":{"0":2,"1":2,"2":2},"f":{},"b":{},"_coverageSchema":"1a1c01bbd47fc00a2c39e90264f33305004495a9","hash":"bf1eb31c71702737953299a9e022c87268560c4e"}
,"D:\\BootcampHactive8\\FinalProject\\fotomag-server\\services\\controller\\balance.js": {"path":"D:\\BootcampHactive8\\FinalProject\\fotomag-server\\services\\controller\\balance.js","statementMap":{"0":{"start":{"line":1,"column":17},"end":{"line":1,"column":43}},"1":{"start":{"line":2,"column":23},"end":{"line":2,"column":49}},"2":{"start":{"line":5,"column":4},"end":{"line":41,"column":5}},"3":{"start":{"line":6,"column":25},"end":{"line":6,"column":38}},"4":{"start":{"line":7,"column":26},"end":{"line":7,"column":34}},"5":{"start":{"line":8,"column":21},"end":{"line":8,"column":29}},"6":{"start":{"line":9,"column":6},"end":{"line":11,"column":7}},"7":{"start":{"line":10,"column":8},"end":{"line":10,"column":46}},"8":{"start":{"line":12,"column":17},"end":{"line":15,"column":8}},"9":{"start":{"line":17,"column":22},"end":{"line":29,"column":7}},"10":{"start":{"line":31,"column":31},"end":{"line":31,"column":70}},"11":{"start":{"line":32,"column":23},"end":{"line":36,"column":8}},"12":{"start":{"line":37,"column":6},"end":{"line":37,"column":59}},"13":{"start":{"line":38,"column":6},"end":{"line":38,"column":45}},"14":{"start":{"line":40,"column":6},"end":{"line":40,"column":18}},"15":{"start":{"line":44,"column":0},"end":{"line":44,"column":28}}},"fnMap":{"0":{"name":"(anonymous_0)","decl":{"start":{"line":4,"column":2},"end":{"line":4,"column":3}},"loc":{"start":{"line":4,"column":37},"end":{"line":42,"column":3}},"line":4}},"branchMap":{"0":{"loc":{"start":{"line":9,"column":6},"end":{"line":11,"column":7}},"type":"if","locations":[{"start":{"line":9,"column":6},"end":{"line":11,"column":7}},{"start":{},"end":{}}],"line":9}},"s":{"0":2,"1":2,"2":0,"3":0,"4":0,"5":0,"6":0,"7":0,"8":0,"9":0,"10":0,"11":0,"12":0,"13":0,"14":0,"15":2},"f":{"0":0},"b":{"0":[0,0]},"_coverageSchema":"1a1c01bbd47fc00a2c39e90264f33305004495a9","hash":"5eadbbdae2806423ba3980061c4b3de82b86c29f"}
,"D:\\BootcampHactive8\\FinalProject\\fotomag-server\\services\\controller\\courier.js": {"path":"D:\\BootcampHactive8\\FinalProject\\fotomag-server\\services\\controller\\courier.js","statementMap":{"0":{"start":{"line":1,"column":36},"end":{"line":1,"column":62}},"1":{"start":{"line":5,"column":4},"end":{"line":33,"column":5}},"2":{"start":{"line":6,"column":40},"end":{"line":6,"column":48}},"3":{"start":{"line":7,"column":6},"end":{"line":7,"column":45}},"4":{"start":{"line":8,"column":21},"end":{"line":8,"column":29}},"5":{"start":{"line":10,"column":22},"end":{"line":14,"column":8}},"6":{"start":{"line":16,"column":24},"end":{"line":25,"column":8}},"7":{"start":{"line":26,"column":6},"end":{"line":29,"column":9}},"8":{"start":{"line":31,"column":6},"end":{"line":31,"column":25}},"9":{"start":{"line":32,"column":6},"end":{"line":32,"column":18}},"10":{"start":{"line":36,"column":0},"end":{"line":36,"column":28}}},"fnMap":{"0":{"name":"(anonymous_0)","decl":{"start":{"line":4,"column":2},"end":{"line":4,"column":3}},"loc":{"start":{"line":4,"column":40},"end":{"line":34,"column":3}},"line":4}},"branchMap":{},"s":{"0":2,"1":0,"2":0,"3":0,"4":0,"5":0,"6":0,"7":0,"8":0,"9":0,"10":2},"f":{"0":0},"b":{},"_coverageSchema":"1a1c01bbd47fc00a2c39e90264f33305004495a9","hash":"d9b0f6dd0f76ed1cf5398206dd60b25d1b519c78"}
,"D:\\BootcampHactive8\\FinalProject\\fotomag-server\\services\\controller\\customer.js": {"path":"D:\\BootcampHactive8\\FinalProject\\fotomag-server\\services\\controller\\customer.js","statementMap":{"0":{"start":{"line":1,"column":17},"end":{"line":1,"column":43}},"1":{"start":{"line":5,"column":4},"end":{"line":22,"column":5}},"2":{"start":{"line":6,"column":6},"end":{"line":6,"column":30}},"3":{"start":{"line":7,"column":47},"end":{"line":7,"column":55}},"4":{"start":{"line":8,"column":23},"end":{"line":15,"column":8}},"5":{"start":{"line":16,"column":6},"end":{"line":19,"column":9}},"6":{"start":{"line":21,"column":6},"end":{"line":21,"column":18}},"7":{"start":{"line":25,"column":0},"end":{"line":25,"column":28}}},"fnMap":{"0":{"name":"(anonymous_0)","decl":{"start":{"line":4,"column":2},"end":{"line":4,"column":3}},"loc":{"start":{"line":4,"column":40},"end":{"line":23,"column":3}},"line":4}},"branchMap":{},"s":{"0":2,"1":0,"2":0,"3":0,"4":0,"5":0,"6":0,"7":2},"f":{"0":0},"b":{},"_coverageSchema":"1a1c01bbd47fc00a2c39e90264f33305004495a9","hash":"eb15c92f21cb4d5eba56e1b6b2d45d4c1ca2a297"}
,"D:\\BootcampHactive8\\FinalProject\\fotomag-server\\services\\controller\\login.js": {"path":"D:\\BootcampHactive8\\FinalProject\\fotomag-server\\services\\controller\\login.js","statementMap":{"0":{"start":{"line":1,"column":47},"end":{"line":1,"column":74}},"1":{"start":{"line":2,"column":24},"end":{"line":2,"column":50}},"2":{"start":{"line":6,"column":4},"end":{"line":54,"column":5}},"3":{"start":{"line":7,"column":34},"end":{"line":7,"column":42}},"4":{"start":{"line":8,"column":24},"end":{"line":8,"column":26}},"5":{"start":{"line":9,"column":17},"end":{"line":9,"column":19}},"6":{"start":{"line":10,"column":6},"end":{"line":12,"column":7}},"7":{"start":{"line":11,"column":8},"end":{"line":11,"column":44}},"8":{"start":{"line":13,"column":6},"end":{"line":15,"column":7}},"9":{"start":{"line":14,"column":8},"end":{"line":14,"column":47}},"10":{"start":{"line":16,"column":23},"end":{"line":20,"column":8}},"11":{"start":{"line":21,"column":6},"end":{"line":45,"column":7}},"12":{"start":{"line":22,"column":8},"end":{"line":24,"column":9}},"13":{"start":{"line":23,"column":10},"end":{"line":23,"column":51}},"14":{"start":{"line":25,"column":24},"end":{"line":27,"column":9}},"15":{"start":{"line":28,"column":8},"end":{"line":28,"column":30}},"16":{"start":{"line":29,"column":8},"end":{"line":29,"column":24}},"17":{"start":{"line":31,"column":28},"end":{"line":33,"column":10}},"18":{"start":{"line":34,"column":8},"end":{"line":36,"column":9}},"19":{"start":{"line":35,"column":10},"end":{"line":35,"column":51}},"20":{"start":{"line":37,"column":8},"end":{"line":39,"column":9}},"21":{"start":{"line":38,"column":10},"end":{"line":38,"column":51}},"22":{"start":{"line":40,"column":24},"end":{"line":42,"column":9}},"23":{"start":{"line":43,"column":8},"end":{"line":43,"column":30}},"24":{"start":{"line":44,"column":8},"end":{"line":44,"column":35}},"25":{"start":{"line":46,"column":27},"end":{"line":46,"column":57}},"26":{"start":{"line":47,"column":6},"end":{"line":50,"column":9}},"27":{"start":{"line":52,"column":6},"end":{"line":52,"column":37}},"28":{"start":{"line":53,"column":6},"end":{"line":53,"column":18}},"29":{"start":{"line":58,"column":0},"end":{"line":58,"column":28}}},"fnMap":{"0":{"name":"(anonymous_0)","decl":{"start":{"line":5,"column":2},"end":{"line":5,"column":3}},"loc":{"start":{"line":5,"column":39},"end":{"line":55,"column":3}},"line":5}},"branchMap":{"0":{"loc":{"start":{"line":10,"column":6},"end":{"line":12,"column":7}},"type":"if","locations":[{"start":{"line":10,"column":6},"end":{"line":12,"column":7}},{"start":{},"end":{}}],"line":10},"1":{"loc":{"start":{"line":13,"column":6},"end":{"line":15,"column":7}},"type":"if","locations":[{"start":{"line":13,"column":6},"end":{"line":15,"column":7}},{"start":{},"end":{}}],"line":13},"2":{"loc":{"start":{"line":21,"column":6},"end":{"line":45,"column":7}},"type":"if","locations":[{"start":{"line":21,"column":6},"end":{"line":45,"column":7}},{"start":{"line":30,"column":13},"end":{"line":45,"column":7}}],"line":21},"3":{"loc":{"start":{"line":22,"column":8},"end":{"line":24,"column":9}},"type":"if","locations":[{"start":{"line":22,"column":8},"end":{"line":24,"column":9}},{"start":{},"end":{}}],"line":22},"4":{"loc":{"start":{"line":34,"column":8},"end":{"line":36,"column":9}},"type":"if","locations":[{"start":{"line":34,"column":8},"end":{"line":36,"column":9}},{"start":{},"end":{}}],"line":34},"5":{"loc":{"start":{"line":37,"column":8},"end":{"line":39,"column":9}},"type":"if","locations":[{"start":{"line":37,"column":8},"end":{"line":39,"column":9}},{"start":{},"end":{}}],"line":37}},"s":{"0":2,"1":2,"2":0,"3":0,"4":0,"5":0,"6":0,"7":0,"8":0,"9":0,"10":0,"11":0,"12":0,"13":0,"14":0,"15":0,"16":0,"17":0,"18":0,"19":0,"20":0,"21":0,"22":0,"23":0,"24":0,"25":0,"26":0,"27":0,"28":0,"29":2},"f":{"0":0},"b":{"0":[0,0],"1":[0,0],"2":[0,0],"3":[0,0],"4":[0,0],"5":[0,0]},"_coverageSchema":"1a1c01bbd47fc00a2c39e90264f33305004495a9","hash":"97f0b68f78dfe2e2af564778da0b4fd2d86a199f"}
,"D:\\BootcampHactive8\\FinalProject\\fotomag-server\\services\\controller\\servicer.js": {"path":"D:\\BootcampHactive8\\FinalProject\\fotomag-server\\services\\controller\\servicer.js","statementMap":{"0":{"start":{"line":1,"column":31},"end":{"line":1,"column":57}},"1":{"start":{"line":5,"column":14},"end":{"line":5,"column":43}},"2":{"start":{"line":6,"column":4},"end":{"line":51,"column":5}},"3":{"start":{"line":17,"column":10},"end":{"line":17,"column":18}},"4":{"start":{"line":18,"column":23},"end":{"line":25,"column":8}},"5":{"start":{"line":27,"column":22},"end":{"line":41,"column":7}},"6":{"start":{"line":42,"column":6},"end":{"line":45,"column":9}},"7":{"start":{"line":46,"column":6},"end":{"line":46,"column":23}},"8":{"start":{"line":48,"column":6},"end":{"line":48,"column":25}},"9":{"start":{"line":49,"column":6},"end":{"line":49,"column":25}},"10":{"start":{"line":50,"column":6},"end":{"line":50,"column":18}},"11":{"start":{"line":55,"column":4},"end":{"line":60,"column":5}},"12":{"start":{"line":56,"column":22},"end":{"line":56,"column":41}},"13":{"start":{"line":57,"column":6},"end":{"line":57,"column":36}},"14":{"start":{"line":59,"column":6},"end":{"line":59,"column":18}},"15":{"start":{"line":64,"column":4},"end":{"line":78,"column":5}},"16":{"start":{"line":65,"column":24},"end":{"line":65,"column":34}},"17":{"start":{"line":66,"column":22},"end":{"line":70,"column":8}},"18":{"start":{"line":72,"column":6},"end":{"line":74,"column":7}},"19":{"start":{"line":73,"column":8},"end":{"line":73,"column":41}},"20":{"start":{"line":75,"column":6},"end":{"line":75,"column":36}},"21":{"start":{"line":77,"column":6},"end":{"line":77,"column":18}},"22":{"start":{"line":82,"column":4},"end":{"line":109,"column":5}},"23":{"start":{"line":83,"column":24},"end":{"line":83,"column":34}},"24":{"start":{"line":84,"column":51},"end":{"line":84,"column":59}},"25":{"start":{"line":86,"column":6},"end":{"line":89,"column":8}},"26":{"start":{"line":91,"column":22},"end":{"line":95,"column":8}},"27":{"start":{"line":97,"column":6},"end":{"line":99,"column":7}},"28":{"start":{"line":98,"column":8},"end":{"line":98,"column":41}},"29":{"start":{"line":100,"column":6},"end":{"line":105,"column":9}},"30":{"start":{"line":107,"column":6},"end":{"line":107,"column":25}},"31":{"start":{"line":108,"column":6},"end":{"line":108,"column":18}},"32":{"start":{"line":113,"column":0},"end":{"line":113,"column":28}}},"fnMap":{"0":{"name":"(anonymous_0)","decl":{"start":{"line":4,"column":2},"end":{"line":4,"column":3}},"loc":{"start":{"line":4,"column":40},"end":{"line":52,"column":3}},"line":4},"1":{"name":"(anonymous_1)","decl":{"start":{"line":54,"column":2},"end":{"line":54,"column":3}},"loc":{"start":{"line":54,"column":44},"end":{"line":61,"column":3}},"line":54},"2":{"name":"(anonymous_2)","decl":{"start":{"line":63,"column":2},"end":{"line":63,"column":3}},"loc":{"start":{"line":63,"column":43},"end":{"line":79,"column":3}},"line":63},"3":{"name":"(anonymous_3)","decl":{"start":{"line":81,"column":2},"end":{"line":81,"column":3}},"loc":{"start":{"line":81,"column":44},"end":{"line":110,"column":3}},"line":81}},"branchMap":{"0":{"loc":{"start":{"line":72,"column":6},"end":{"line":74,"column":7}},"type":"if","locations":[{"start":{"line":72,"column":6},"end":{"line":74,"column":7}},{"start":{},"end":{}}],"line":72},"1":{"loc":{"start":{"line":97,"column":6},"end":{"line":99,"column":7}},"type":"if","locations":[{"start":{"line":97,"column":6},"end":{"line":99,"column":7}},{"start":{},"end":{}}],"line":97}},"s":{"0":2,"1":0,"2":0,"3":0,"4":0,"5":0,"6":0,"7":0,"8":0,"9":0,"10":0,"11":0,"12":0,"13":0,"14":0,"15":0,"16":0,"17":0,"18":0,"19":0,"20":0,"21":0,"22":0,"23":0,"24":0,"25":0,"26":0,"27":0,"28":0,"29":0,"30":0,"31":0,"32":2},"f":{"0":0,"1":0,"2":0,"3":0},"b":{"0":[0,0],"1":[0,0]},"_coverageSchema":"1a1c01bbd47fc00a2c39e90264f33305004495a9","hash":"25adb52d019636b9bd3cdc795a941366220ef3cb"}
,"D:\\BootcampHactive8\\FinalProject\\fotomag-server\\services\\controller\\transaction.js": {"path":"D:\\BootcampHactive8\\FinalProject\\fotomag-server\\services\\controller\\transaction.js","statementMap":{"0":{"start":{"line":9,"column":4},"end":{"line":9,"column":30}},"1":{"start":{"line":10,"column":12},"end":{"line":10,"column":39}},"2":{"start":{"line":11,"column":19},"end":{"line":11,"column":43}},"3":{"start":{"line":12,"column":26},"end":{"line":12,"column":50}},"4":{"start":{"line":13,"column":11},"end":{"line":13,"column":24}},"5":{"start":{"line":18,"column":14},"end":{"line":18,"column":43}},"6":{"start":{"line":19,"column":4},"end":{"line":114,"column":5}},"7":{"start":{"line":20,"column":21},"end":{"line":20,"column":29}},"8":{"start":{"line":21,"column":22},"end":{"line":21,"column":32}},"9":{"start":{"line":23,"column":58},"end":{"line":23,"column":66}},"10":{"start":{"line":24,"column":6},"end":{"line":26,"column":7}},"11":{"start":{"line":25,"column":8},"end":{"line":25,"column":77}},"12":{"start":{"line":28,"column":25},"end":{"line":28,"column":55}},"13":{"start":{"line":29,"column":22},"end":{"line":29,"column":43}},"14":{"start":{"line":30,"column":23},"end":{"line":30,"column":39}},"15":{"start":{"line":32,"column":25},"end":{"line":32,"column":42}},"16":{"start":{"line":33,"column":6},"end":{"line":41,"column":7}},"17":{"start":{"line":34,"column":8},"end":{"line":37,"column":11}},"18":{"start":{"line":39,"column":8},"end":{"line":39,"column":27}},"19":{"start":{"line":40,"column":8},"end":{"line":40,"column":76}},"20":{"start":{"line":43,"column":29},"end":{"line":43,"column":41}},"21":{"start":{"line":45,"column":22},"end":{"line":45,"column":47}},"22":{"start":{"line":47,"column":18},"end":{"line":47,"column":19}},"23":{"start":{"line":48,"column":6},"end":{"line":52,"column":7}},"24":{"start":{"line":49,"column":8},"end":{"line":49,"column":43}},"25":{"start":{"line":50,"column":13},"end":{"line":52,"column":7}},"26":{"start":{"line":51,"column":8},"end":{"line":51,"column":43}},"27":{"start":{"line":54,"column":23},"end":{"line":54,"column":24}},"28":{"start":{"line":55,"column":6},"end":{"line":59,"column":7}},"29":{"start":{"line":56,"column":8},"end":{"line":56,"column":53}},"30":{"start":{"line":57,"column":13},"end":{"line":59,"column":7}},"31":{"start":{"line":58,"column":8},"end":{"line":58,"column":36}},"32":{"start":{"line":62,"column":23},"end":{"line":62,"column":64}},"33":{"start":{"line":69,"column":30},"end":{"line":87,"column":7}},"34":{"start":{"line":90,"column":23},"end":{"line":90,"column":46}},"35":{"start":{"line":93,"column":6},"end":{"line":95,"column":7}},"36":{"start":{"line":94,"column":8},"end":{"line":94,"column":47}},"37":{"start":{"line":97,"column":6},"end":{"line":97,"column":62}},"38":{"start":{"line":100,"column":25},"end":{"line":107,"column":7}},"39":{"start":{"line":109,"column":6},"end":{"line":109,"column":23}},"40":{"start":{"line":110,"column":6},"end":{"line":110,"column":44}},"41":{"start":{"line":112,"column":6},"end":{"line":112,"column":25}},"42":{"start":{"line":113,"column":6},"end":{"line":113,"column":18}},"43":{"start":{"line":119,"column":4},"end":{"line":138,"column":5}},"44":{"start":{"line":120,"column":15},"end":{"line":120,"column":39}},"45":{"start":{"line":122,"column":30},"end":{"line":131,"column":7}},"46":{"start":{"line":133,"column":6},"end":{"line":135,"column":9}},"47":{"start":{"line":137,"column":6},"end":{"line":137,"column":18}},"48":{"start":{"line":143,"column":4},"end":{"line":187,"column":5}},"49":{"start":{"line":144,"column":15},"end":{"line":144,"column":39}},"50":{"start":{"line":150,"column":30},"end":{"line":159,"column":7}},"51":{"start":{"line":161,"column":25},"end":{"line":165,"column":8}},"52":{"start":{"line":168,"column":27},"end":{"line":172,"column":8}},"53":{"start":{"line":175,"column":25},"end":{"line":179,"column":8}},"54":{"start":{"line":180,"column":6},"end":{"line":180,"column":72}},"55":{"start":{"line":182,"column":6},"end":{"line":184,"column":9}},"56":{"start":{"line":186,"column":6},"end":{"line":186,"column":18}},"57":{"start":{"line":192,"column":4},"end":{"line":211,"column":5}},"58":{"start":{"line":193,"column":15},"end":{"line":193,"column":39}},"59":{"start":{"line":195,"column":30},"end":{"line":204,"column":7}},"60":{"start":{"line":206,"column":6},"end":{"line":208,"column":9}},"61":{"start":{"line":210,"column":6},"end":{"line":210,"column":18}},"62":{"start":{"line":216,"column":4},"end":{"line":240,"column":5}},"63":{"start":{"line":217,"column":15},"end":{"line":217,"column":39}},"64":{"start":{"line":218,"column":28},"end":{"line":218,"column":36}},"65":{"start":{"line":220,"column":30},"end":{"line":230,"column":7}},"66":{"start":{"line":232,"column":26},"end":{"line":232,"column":59}},"67":{"start":{"line":234,"column":6},"end":{"line":237,"column":9}},"68":{"start":{"line":239,"column":6},"end":{"line":239,"column":18}},"69":{"start":{"line":245,"column":4},"end":{"line":267,"column":5}},"70":{"start":{"line":246,"column":15},"end":{"line":246,"column":39}},"71":{"start":{"line":248,"column":30},"end":{"line":257,"column":7}},"72":{"start":{"line":258,"column":6},"end":{"line":260,"column":7}},"73":{"start":{"line":259,"column":8},"end":{"line":259,"column":78}},"74":{"start":{"line":262,"column":6},"end":{"line":264,"column":9}},"75":{"start":{"line":266,"column":6},"end":{"line":266,"column":18}},"76":{"start":{"line":272,"column":4},"end":{"line":323,"column":5}},"77":{"start":{"line":273,"column":15},"end":{"line":273,"column":39}},"78":{"start":{"line":274,"column":30},"end":{"line":283,"column":7}},"79":{"start":{"line":285,"column":25},"end":{"line":289,"column":8}},"80":{"start":{"line":290,"column":6},"end":{"line":292,"column":7}},"81":{"start":{"line":291,"column":8},"end":{"line":291,"column":73}},"82":{"start":{"line":294,"column":27},"end":{"line":298,"column":8}},"83":{"start":{"line":299,"column":6},"end":{"line":301,"column":7}},"84":{"start":{"line":300,"column":8},"end":{"line":300,"column":75}},"85":{"start":{"line":303,"column":22},"end":{"line":307,"column":8}},"86":{"start":{"line":308,"column":6},"end":{"line":310,"column":7}},"87":{"start":{"line":309,"column":8},"end":{"line":309,"column":70}},"88":{"start":{"line":311,"column":26},"end":{"line":311,"column":61}},"89":{"start":{"line":312,"column":6},"end":{"line":314,"column":7}},"90":{"start":{"line":313,"column":8},"end":{"line":313,"column":75}},"91":{"start":{"line":315,"column":6},"end":{"line":315,"column":73}},"92":{"start":{"line":317,"column":6},"end":{"line":319,"column":9}},"93":{"start":{"line":321,"column":6},"end":{"line":321,"column":24}},"94":{"start":{"line":322,"column":6},"end":{"line":322,"column":18}},"95":{"start":{"line":327,"column":4},"end":{"line":351,"column":5}},"96":{"start":{"line":328,"column":21},"end":{"line":328,"column":29}},"97":{"start":{"line":329,"column":6},"end":{"line":329,"column":22}},"98":{"start":{"line":330,"column":23},"end":{"line":335,"column":8}},"99":{"start":{"line":336,"column":6},"end":{"line":336,"column":28}},"100":{"start":{"line":337,"column":6},"end":{"line":339,"column":7}},"101":{"start":{"line":338,"column":8},"end":{"line":338,"column":48}},"102":{"start":{"line":341,"column":19},"end":{"line":346,"column":8}},"103":{"start":{"line":347,"column":6},"end":{"line":347,"column":33}},"104":{"start":{"line":349,"column":6},"end":{"line":349,"column":18}},"105":{"start":{"line":350,"column":6},"end":{"line":350,"column":25}},"106":{"start":{"line":355,"column":4},"end":{"line":372,"column":5}},"107":{"start":{"line":356,"column":21},"end":{"line":356,"column":29}},"108":{"start":{"line":357,"column":23},"end":{"line":362,"column":8}},"109":{"start":{"line":363,"column":19},"end":{"line":368,"column":8}},"110":{"start":{"line":369,"column":6},"end":{"line":369,"column":33}},"111":{"start":{"line":371,"column":6},"end":{"line":371,"column":18}},"112":{"start":{"line":376,"column":4},"end":{"line":390,"column":5}},"113":{"start":{"line":377,"column":28},"end":{"line":377,"column":36}},"114":{"start":{"line":378,"column":6},"end":{"line":378,"column":29}},"115":{"start":{"line":379,"column":26},"end":{"line":379,"column":59}},"116":{"start":{"line":380,"column":6},"end":{"line":380,"column":37}},"117":{"start":{"line":381,"column":19},"end":{"line":386,"column":8}},"118":{"start":{"line":387,"column":6},"end":{"line":387,"column":33}},"119":{"start":{"line":389,"column":6},"end":{"line":389,"column":18}},"120":{"start":{"line":394,"column":4},"end":{"line":411,"column":5}},"121":{"start":{"line":395,"column":21},"end":{"line":395,"column":29}},"122":{"start":{"line":397,"column":19},"end":{"line":401,"column":8}},"123":{"start":{"line":402,"column":23},"end":{"line":402,"column":46}},"124":{"start":{"line":404,"column":6},"end":{"line":406,"column":7}},"125":{"start":{"line":405,"column":8},"end":{"line":405,"column":48}},"126":{"start":{"line":407,"column":6},"end":{"line":407,"column":33}},"127":{"start":{"line":409,"column":6},"end":{"line":409,"column":25}},"128":{"start":{"line":410,"column":6},"end":{"line":410,"column":18}},"129":{"start":{"line":414,"column":0},"end":{"line":414,"column":28}}},"fnMap":{"0":{"name":"(anonymous_0)","decl":{"start":{"line":17,"column":2},"end":{"line":17,"column":3}},"loc":{"start":{"line":17,"column":49},"end":{"line":115,"column":3}},"line":17},"1":{"name":"(anonymous_1)","decl":{"start":{"line":118,"column":2},"end":{"line":118,"column":3}},"loc":{"start":{"line":118,"column":52},"end":{"line":139,"column":3}},"line":118},"2":{"name":"(anonymous_2)","decl":{"start":{"line":142,"column":2},"end":{"line":142,"column":3}},"loc":{"start":{"line":142,"column":50},"end":{"line":188,"column":3}},"line":142},"3":{"name":"(anonymous_3)","decl":{"start":{"line":191,"column":2},"end":{"line":191,"column":3}},"loc":{"start":{"line":191,"column":48},"end":{"line":212,"column":3}},"line":191},"4":{"name":"(anonymous_4)","decl":{"start":{"line":215,"column":2},"end":{"line":215,"column":3}},"loc":{"start":{"line":215,"column":52},"end":{"line":241,"column":3}},"line":215},"5":{"name":"(anonymous_5)","decl":{"start":{"line":244,"column":2},"end":{"line":244,"column":3}},"loc":{"start":{"line":244,"column":53},"end":{"line":268,"column":3}},"line":244},"6":{"name":"(anonymous_6)","decl":{"start":{"line":271,"column":2},"end":{"line":271,"column":3}},"loc":{"start":{"line":271,"column":51},"end":{"line":324,"column":3}},"line":271},"7":{"name":"(anonymous_7)","decl":{"start":{"line":326,"column":2},"end":{"line":326,"column":3}},"loc":{"start":{"line":326,"column":58},"end":{"line":352,"column":3}},"line":326},"8":{"name":"(anonymous_8)","decl":{"start":{"line":354,"column":2},"end":{"line":354,"column":3}},"loc":{"start":{"line":354,"column":55},"end":{"line":373,"column":3}},"line":354},"9":{"name":"(anonymous_9)","decl":{"start":{"line":375,"column":2},"end":{"line":375,"column":3}},"loc":{"start":{"line":375,"column":54},"end":{"line":391,"column":3}},"line":375},"10":{"name":"(anonymous_10)","decl":{"start":{"line":393,"column":2},"end":{"line":393,"column":3}},"loc":{"start":{"line":393,"column":55},"end":{"line":412,"column":3}},"line":393}},"branchMap":{"0":{"loc":{"start":{"line":24,"column":6},"end":{"line":26,"column":7}},"type":"if","locations":[{"start":{"line":24,"column":6},"end":{"line":26,"column":7}},{"start":{},"end":{}}],"line":24},"1":{"loc":{"start":{"line":48,"column":6},"end":{"line":52,"column":7}},"type":"if","locations":[{"start":{"line":48,"column":6},"end":{"line":52,"column":7}},{"start":{"line":50,"column":13},"end":{"line":52,"column":7}}],"line":48},"2":{"loc":{"start":{"line":50,"column":13},"end":{"line":52,"column":7}},"type":"if","locations":[{"start":{"line":50,"column":13},"end":{"line":52,"column":7}},{"start":{},"end":{}}],"line":50},"3":{"loc":{"start":{"line":55,"column":6},"end":{"line":59,"column":7}},"type":"if","locations":[{"start":{"line":55,"column":6},"end":{"line":59,"column":7}},{"start":{"line":57,"column":13},"end":{"line":59,"column":7}}],"line":55},"4":{"loc":{"start":{"line":57,"column":13},"end":{"line":59,"column":7}},"type":"if","locations":[{"start":{"line":57,"column":13},"end":{"line":59,"column":7}},{"start":{},"end":{}}],"line":57},"5":{"loc":{"start":{"line":93,"column":6},"end":{"line":95,"column":7}},"type":"if","locations":[{"start":{"line":93,"column":6},"end":{"line":95,"column":7}},{"start":{},"end":{}}],"line":93},"6":{"loc":{"start":{"line":258,"column":6},"end":{"line":260,"column":7}},"type":"if","locations":[{"start":{"line":258,"column":6},"end":{"line":260,"column":7}},{"start":{},"end":{}}],"line":258},"7":{"loc":{"start":{"line":290,"column":6},"end":{"line":292,"column":7}},"type":"if","locations":[{"start":{"line":290,"column":6},"end":{"line":292,"column":7}},{"start":{},"end":{}}],"line":290},"8":{"loc":{"start":{"line":299,"column":6},"end":{"line":301,"column":7}},"type":"if","locations":[{"start":{"line":299,"column":6},"end":{"line":301,"column":7}},{"start":{},"end":{}}],"line":299},"9":{"loc":{"start":{"line":308,"column":6},"end":{"line":310,"column":7}},"type":"if","locations":[{"start":{"line":308,"column":6},"end":{"line":310,"column":7}},{"start":{},"end":{}}],"line":308},"10":{"loc":{"start":{"line":312,"column":6},"end":{"line":314,"column":7}},"type":"if","locations":[{"start":{"line":312,"column":6},"end":{"line":314,"column":7}},{"start":{},"end":{}}],"line":312},"11":{"loc":{"start":{"line":337,"column":6},"end":{"line":339,"column":7}},"type":"if","locations":[{"start":{"line":337,"column":6},"end":{"line":339,"column":7}},{"start":{},"end":{}}],"line":337},"12":{"loc":{"start":{"line":337,"column":10},"end":{"line":337,"column":44}},"type":"binary-expr","locations":[{"start":{"line":337,"column":10},"end":{"line":337,"column":19}},{"start":{"line":337,"column":23},"end":{"line":337,"column":44}}],"line":337},"13":{"loc":{"start":{"line":404,"column":6},"end":{"line":406,"column":7}},"type":"if","locations":[{"start":{"line":404,"column":6},"end":{"line":406,"column":7}},{"start":{},"end":{}}],"line":404}},"s":{"0":2,"1":2,"2":2,"3":2,"4":2,"5":0,"6":0,"7":0,"8":0,"9":0,"10":0,"11":0,"12":0,"13":0,"14":0,"15":0,"16":0,"17":0,"18":0,"19":0,"20":0,"21":0,"22":0,"23":0,"24":0,"25":0,"26":0,"27":0,"28":0,"29":0,"30":0,"31":0,"32":0,"33":0,"34":0,"35":0,"36":0,"37":0,"38":0,"39":0,"40":0,"41":0,"42":0,"43":0,"44":0,"45":0,"46":0,"47":0,"48":0,"49":0,"50":0,"51":0,"52":0,"53":0,"54":0,"55":0,"56":0,"57":0,"58":0,"59":0,"60":0,"61":0,"62":0,"63":0,"64":0,"65":0,"66":0,"67":0,"68":0,"69":0,"70":0,"71":0,"72":0,"73":0,"74":0,"75":0,"76":0,"77":0,"78":0,"79":0,"80":0,"81":0,"82":0,"83":0,"84":0,"85":0,"86":0,"87":0,"88":0,"89":0,"90":0,"91":0,"92":0,"93":0,"94":0,"95":0,"96":0,"97":0,"98":0,"99":0,"100":0,"101":0,"102":0,"103":0,"104":0,"105":0,"106":0,"107":0,"108":0,"109":0,"110":0,"111":0,"112":0,"113":0,"114":0,"115":0,"116":0,"117":0,"118":0,"119":0,"120":0,"121":0,"122":0,"123":0,"124":0,"125":0,"126":0,"127":0,"128":0,"129":2},"f":{"0":0,"1":0,"2":0,"3":0,"4":0,"5":0,"6":0,"7":0,"8":0,"9":0,"10":0},"b":{"0":[0,0],"1":[0,0],"2":[0,0],"3":[0,0],"4":[0,0],"5":[0,0],"6":[0,0],"7":[0,0],"8":[0,0],"9":[0,0],"10":[0,0],"11":[0,0],"12":[0,0],"13":[0,0]},"_coverageSchema":"1a1c01bbd47fc00a2c39e90264f33305004495a9","hash":"b949be91434a7ba034851a166cc9d77b3aae2437"}
,"D:\\BootcampHactive8\\FinalProject\\fotomag-server\\services\\helper\\helper.js": {"path":"D:\\BootcampHactive8\\FinalProject\\fotomag-server\\services\\helper\\helper.js","statementMap":{"0":{"start":{"line":1,"column":15},"end":{"line":1,"column":34}},"1":{"start":{"line":2,"column":12},"end":{"line":2,"column":35}},"2":{"start":{"line":3,"column":18},"end":{"line":3,"column":38}},"3":{"start":{"line":5,"column":24},"end":{"line":5,"column":63}},"4":{"start":{"line":5,"column":38},"end":{"line":5,"column":63}},"5":{"start":{"line":6,"column":24},"end":{"line":6,"column":78}},"6":{"start":{"line":6,"column":44},"end":{"line":6,"column":78}},"7":{"start":{"line":8,"column":26},"end":{"line":8,"column":67}},"8":{"start":{"line":8,"column":39},"end":{"line":8,"column":67}},"9":{"start":{"line":9,"column":26},"end":{"line":9,"column":79}},"10":{"start":{"line":9,"column":44},"end":{"line":9,"column":79}},"11":{"start":{"line":11,"column":0},"end":{"line":16,"column":2}}},"fnMap":{"0":{"name":"(anonymous_0)","decl":{"start":{"line":5,"column":24},"end":{"line":5,"column":25}},"loc":{"start":{"line":5,"column":38},"end":{"line":5,"column":63}},"line":5},"1":{"name":"(anonymous_1)","decl":{"start":{"line":6,"column":24},"end":{"line":6,"column":25}},"loc":{"start":{"line":6,"column":44},"end":{"line":6,"column":78}},"line":6},"2":{"name":"(anonymous_2)","decl":{"start":{"line":8,"column":26},"end":{"line":8,"column":27}},"loc":{"start":{"line":8,"column":39},"end":{"line":8,"column":67}},"line":8},"3":{"name":"(anonymous_3)","decl":{"start":{"line":9,"column":26},"end":{"line":9,"column":27}},"loc":{"start":{"line":9,"column":44},"end":{"line":9,"column":79}},"line":9}},"branchMap":{},"s":{"0":2,"1":2,"2":2,"3":2,"4":0,"5":2,"6":0,"7":2,"8":0,"9":2,"10":0,"11":2},"f":{"0":0,"1":0,"2":0,"3":0},"b":{},"_coverageSchema":"1a1c01bbd47fc00a2c39e90264f33305004495a9","hash":"13fecaad72e0402a2809cd20860fd256b925022d"}
,"D:\\BootcampHactive8\\FinalProject\\fotomag-server\\services\\middleware\\authenCourier.js": {"path":"D:\\BootcampHactive8\\FinalProject\\fotomag-server\\services\\middleware\\authenCourier.js","statementMap":{"0":{"start":{"line":1,"column":30},"end":{"line":1,"column":57}},"1":{"start":{"line":2,"column":20},"end":{"line":2,"column":46}},"2":{"start":{"line":4,"column":22},"end":{"line":22,"column":1}},"3":{"start":{"line":5,"column":2},"end":{"line":21,"column":3}},"4":{"start":{"line":6,"column":29},"end":{"line":6,"column":40}},"5":{"start":{"line":7,"column":18},"end":{"line":7,"column":49}},"6":{"start":{"line":8,"column":19},"end":{"line":8,"column":53}},"7":{"start":{"line":9,"column":4},"end":{"line":11,"column":5}},"8":{"start":{"line":10,"column":6},"end":{"line":10,"column":45}},"9":{"start":{"line":13,"column":4},"end":{"line":16,"column":6}},"10":{"start":{"line":18,"column":4},"end":{"line":18,"column":11}},"11":{"start":{"line":20,"column":4},"end":{"line":20,"column":16}},"12":{"start":{"line":24,"column":0},"end":{"line":24,"column":31}}},"fnMap":{"0":{"name":"(anonymous_0)","decl":{"start":{"line":4,"column":22},"end":{"line":4,"column":23}},"loc":{"start":{"line":4,"column":48},"end":{"line":22,"column":1}},"line":4}},"branchMap":{"0":{"loc":{"start":{"line":9,"column":4},"end":{"line":11,"column":5}},"type":"if","locations":[{"start":{"line":9,"column":4},"end":{"line":11,"column":5}},{"start":{},"end":{}}],"line":9}},"s":{"0":2,"1":2,"2":2,"3":0,"4":0,"5":0,"6":0,"7":0,"8":0,"9":0,"10":0,"11":0,"12":2},"f":{"0":0},"b":{"0":[0,0]},"_coverageSchema":"1a1c01bbd47fc00a2c39e90264f33305004495a9","hash":"80a2041ef5bb01ae2169b186d0a63c917de0d5d8"}
,"D:\\BootcampHactive8\\FinalProject\\fotomag-server\\services\\middleware\\authentication.js": {"path":"D:\\BootcampHactive8\\FinalProject\\fotomag-server\\services\\middleware\\authentication.js","statementMap":{"0":{"start":{"line":1,"column":30},"end":{"line":1,"column":57}},"1":{"start":{"line":2,"column":17},"end":{"line":2,"column":43}},"2":{"start":{"line":4,"column":23},"end":{"line":23,"column":1}},"3":{"start":{"line":5,"column":2},"end":{"line":22,"column":3}},"4":{"start":{"line":6,"column":29},"end":{"line":6,"column":40}},"5":{"start":{"line":7,"column":18},"end":{"line":7,"column":49}},"6":{"start":{"line":8,"column":19},"end":{"line":8,"column":50}},"7":{"start":{"line":9,"column":4},"end":{"line":11,"column":5}},"8":{"start":{"line":10,"column":6},"end":{"line":10,"column":45}},"9":{"start":{"line":13,"column":4},"end":{"line":17,"column":6}},"10":{"start":{"line":19,"column":4},"end":{"line":19,"column":11}},"11":{"start":{"line":21,"column":4},"end":{"line":21,"column":16}},"12":{"start":{"line":25,"column":0},"end":{"line":25,"column":32}}},"fnMap":{"0":{"name":"(anonymous_0)","decl":{"start":{"line":4,"column":23},"end":{"line":4,"column":24}},"loc":{"start":{"line":4,"column":49},"end":{"line":23,"column":1}},"line":4}},"branchMap":{"0":{"loc":{"start":{"line":9,"column":4},"end":{"line":11,"column":5}},"type":"if","locations":[{"start":{"line":9,"column":4},"end":{"line":11,"column":5}},{"start":{},"end":{}}],"line":9}},"s":{"0":2,"1":2,"2":2,"3":0,"4":0,"5":0,"6":0,"7":0,"8":0,"9":0,"10":0,"11":0,"12":2},"f":{"0":0},"b":{"0":[0,0]},"_coverageSchema":"1a1c01bbd47fc00a2c39e90264f33305004495a9","hash":"d90f27eb3e1358bef6c3789ee2986429cdc87118"}
,"D:\\BootcampHactive8\\FinalProject\\fotomag-server\\services\\middleware\\authorStatusSuccess.js": {"path":"D:\\BootcampHactive8\\FinalProject\\fotomag-server\\services\\middleware\\authorStatusSuccess.js","statementMap":{"0":{"start":{"line":1,"column":39},"end":{"line":1,"column":65}},"1":{"start":{"line":3,"column":28},"end":{"line":31,"column":1}},"2":{"start":{"line":4,"column":2},"end":{"line":30,"column":3}},"3":{"start":{"line":5,"column":19},"end":{"line":5,"column":27}},"4":{"start":{"line":6,"column":16},"end":{"line":6,"column":40}},"5":{"start":{"line":8,"column":21},"end":{"line":8,"column":44}},"6":{"start":{"line":9,"column":24},"end":{"line":9,"column":50}},"7":{"start":{"line":10,"column":28},"end":{"line":10,"column":59}},"8":{"start":{"line":11,"column":4},"end":{"line":11,"column":20}},"9":{"start":{"line":12,"column":4},"end":{"line":12,"column":21}},"10":{"start":{"line":13,"column":4},"end":{"line":13,"column":31}},"11":{"start":{"line":14,"column":4},"end":{"line":14,"column":29}},"12":{"start":{"line":15,"column":4},"end":{"line":15,"column":40}},"13":{"start":{"line":16,"column":4},"end":{"line":16,"column":43}},"14":{"start":{"line":17,"column":4},"end":{"line":17,"column":32}},"15":{"start":{"line":19,"column":4},"end":{"line":26,"column":5}},"16":{"start":{"line":20,"column":6},"end":{"line":20,"column":53}},"17":{"start":{"line":21,"column":11},"end":{"line":26,"column":5}},"18":{"start":{"line":25,"column":6},"end":{"line":25,"column":54}},"19":{"start":{"line":27,"column":4},"end":{"line":27,"column":11}},"20":{"start":{"line":29,"column":4},"end":{"line":29,"column":16}},"21":{"start":{"line":33,"column":0},"end":{"line":33,"column":37}}},"fnMap":{"0":{"name":"(anonymous_0)","decl":{"start":{"line":3,"column":28},"end":{"line":3,"column":29}},"loc":{"start":{"line":3,"column":54},"end":{"line":31,"column":1}},"line":3}},"branchMap":{"0":{"loc":{"start":{"line":19,"column":4},"end":{"line":26,"column":5}},"type":"if","locations":[{"start":{"line":19,"column":4},"end":{"line":26,"column":5}},{"start":{"line":21,"column":11},"end":{"line":26,"column":5}}],"line":19},"1":{"loc":{"start":{"line":21,"column":11},"end":{"line":26,"column":5}},"type":"if","locations":[{"start":{"line":21,"column":11},"end":{"line":26,"column":5}},{"start":{},"end":{}}],"line":21},"2":{"loc":{"start":{"line":22,"column":6},"end":{"line":23,"column":50}},"type":"binary-expr","locations":[{"start":{"line":22,"column":6},"end":{"line":22,"column":34}},{"start":{"line":23,"column":6},"end":{"line":23,"column":50}}],"line":22}},"s":{"0":2,"1":2,"2":0,"3":0,"4":0,"5":0,"6":0,"7":0,"8":0,"9":0,"10":0,"11":0,"12":0,"13":0,"14":0,"15":0,"16":0,"17":0,"18":0,"19":0,"20":0,"21":2},"f":{"0":0},"b":{"0":[0,0],"1":[0,0],"2":[0,0]},"_coverageSchema":"1a1c01bbd47fc00a2c39e90264f33305004495a9","hash":"236ab9502a6f7e2929b7da99d903836ae384de7e"}
,"D:\\BootcampHactive8\\FinalProject\\fotomag-server\\services\\middleware\\courierAuthor.js": {"path":"D:\\BootcampHactive8\\FinalProject\\fotomag-server\\services\\middleware\\courierAuthor.js","statementMap":{"0":{"start":{"line":1,"column":18},"end":{"line":1,"column":44}},"1":{"start":{"line":3,"column":20},"end":{"line":16,"column":1}},"2":{"start":{"line":4,"column":2},"end":{"line":15,"column":3}},"3":{"start":{"line":5,"column":17},"end":{"line":5,"column":25}},"4":{"start":{"line":7,"column":22},"end":{"line":7,"column":48}},"5":{"start":{"line":8,"column":4},"end":{"line":10,"column":5}},"6":{"start":{"line":9,"column":6},"end":{"line":9,"column":33}},"7":{"start":{"line":12,"column":4},"end":{"line":12,"column":11}},"8":{"start":{"line":14,"column":4},"end":{"line":14,"column":16}},"9":{"start":{"line":17,"column":0},"end":{"line":17,"column":31}}},"fnMap":{"0":{"name":"(anonymous_0)","decl":{"start":{"line":3,"column":20},"end":{"line":3,"column":21}},"loc":{"start":{"line":3,"column":46},"end":{"line":16,"column":1}},"line":3}},"branchMap":{"0":{"loc":{"start":{"line":8,"column":4},"end":{"line":10,"column":5}},"type":"if","locations":[{"start":{"line":8,"column":4},"end":{"line":10,"column":5}},{"start":{},"end":{}}],"line":8}},"s":{"0":2,"1":2,"2":0,"3":0,"4":0,"5":0,"6":0,"7":0,"8":0,"9":2},"f":{"0":0},"b":{"0":[0,0]},"_coverageSchema":"1a1c01bbd47fc00a2c39e90264f33305004495a9","hash":"813431e7585298f8ec6337db32802153bcaa5d16"}
,"D:\\BootcampHactive8\\FinalProject\\fotomag-server\\services\\middleware\\handleError.js": {"path":"D:\\BootcampHactive8\\FinalProject\\fotomag-server\\services\\middleware\\handleError.js","statementMap":{"0":{"start":{"line":1,"column":21},"end":{"line":54,"column":1}},"1":{"start":{"line":2,"column":13},"end":{"line":2,"column":16}},"2":{"start":{"line":3,"column":16},"end":{"line":3,"column":39}},"3":{"start":{"line":4,"column":2},"end":{"line":4,"column":19}},"4":{"start":{"line":6,"column":2},"end":{"line":49,"column":3}},"5":{"start":{"line":10,"column":4},"end":{"line":10,"column":15}},"6":{"start":{"line":11,"column":4},"end":{"line":11,"column":17}},"7":{"start":{"line":12,"column":4},"end":{"line":14,"column":7}},"8":{"start":{"line":13,"column":6},"end":{"line":13,"column":31}},"9":{"start":{"line":15,"column":9},"end":{"line":49,"column":3}},"10":{"start":{"line":16,"column":4},"end":{"line":16,"column":15}},"11":{"start":{"line":17,"column":4},"end":{"line":17,"column":39}},"12":{"start":{"line":18,"column":9},"end":{"line":49,"column":3}},"13":{"start":{"line":19,"column":4},"end":{"line":19,"column":15}},"14":{"start":{"line":20,"column":4},"end":{"line":20,"column":29}},"15":{"start":{"line":21,"column":9},"end":{"line":49,"column":3}},"16":{"start":{"line":22,"column":4},"end":{"line":22,"column":15}},"17":{"start":{"line":23,"column":4},"end":{"line":23,"column":37}},"18":{"start":{"line":24,"column":9},"end":{"line":49,"column":3}},"19":{"start":{"line":25,"column":4},"end":{"line":25,"column":15}},"20":{"start":{"line":26,"column":4},"end":{"line":26,"column":34}},"21":{"start":{"line":27,"column":9},"end":{"line":49,"column":3}},"22":{"start":{"line":28,"column":4},"end":{"line":28,"column":15}},"23":{"start":{"line":29,"column":4},"end":{"line":29,"column":30}},"24":{"start":{"line":30,"column":9},"end":{"line":49,"column":3}},"25":{"start":{"line":31,"column":4},"end":{"line":31,"column":15}},"26":{"start":{"line":32,"column":4},"end":{"line":32,"column":39}},"27":{"start":{"line":33,"column":9},"end":{"line":49,"column":3}},"28":{"start":{"line":34,"column":4},"end":{"line":34,"column":57}},"29":{"start":{"line":35,"column":9},"end":{"line":49,"column":3}},"30":{"start":{"line":36,"column":4},"end":{"line":36,"column":52}},"31":{"start":{"line":37,"column":9},"end":{"line":49,"column":3}},"32":{"start":{"line":38,"column":4},"end":{"line":38,"column":53}},"33":{"start":{"line":39,"column":9},"end":{"line":49,"column":3}},"34":{"start":{"line":40,"column":4},"end":{"line":40,"column":52}},"35":{"start":{"line":41,"column":9},"end":{"line":49,"column":3}},"36":{"start":{"line":42,"column":4},"end":{"line":42,"column":61}},"37":{"start":{"line":43,"column":9},"end":{"line":49,"column":3}},"38":{"start":{"line":44,"column":4},"end":{"line":44,"column":62}},"39":{"start":{"line":45,"column":9},"end":{"line":49,"column":3}},"40":{"start":{"line":46,"column":4},"end":{"line":46,"column":54}},"41":{"start":{"line":47,"column":9},"end":{"line":49,"column":3}},"42":{"start":{"line":48,"column":4},"end":{"line":48,"column":47}},"43":{"start":{"line":51,"column":2},"end":{"line":53,"column":5}},"44":{"start":{"line":56,"column":0},"end":{"line":56,"column":30}}},"fnMap":{"0":{"name":"(anonymous_0)","decl":{"start":{"line":1,"column":21},"end":{"line":1,"column":22}},"loc":{"start":{"line":1,"column":46},"end":{"line":54,"column":1}},"line":1},"1":{"name":"(anonymous_1)","decl":{"start":{"line":12,"column":23},"end":{"line":12,"column":24}},"loc":{"start":{"line":12,"column":31},"end":{"line":14,"column":5}},"line":12}},"branchMap":{"0":{"loc":{"start":{"line":6,"column":2},"end":{"line":49,"column":3}},"type":"if","locations":[{"start":{"line":6,"column":2},"end":{"line":49,"column":3}},{"start":{"line":15,"column":9},"end":{"line":49,"column":3}}],"line":6},"1":{"loc":{"start":{"line":7,"column":4},"end":{"line":8,"column":49}},"type":"binary-expr","locations":[{"start":{"line":7,"column":4},"end":{"line":7,"column":43}},{"start":{"line":8,"column":4},"end":{"line":8,"column":49}}],"line":7},"2":{"loc":{"start":{"line":15,"column":9},"end":{"line":49,"column":3}},"type":"if","locations":[{"start":{"line":15,"column":9},"end":{"line":49,"column":3}},{"start":{"line":18,"column":9},"end":{"line":49,"column":3}}],"line":15},"3":{"loc":{"start":{"line":18,"column":9},"end":{"line":49,"column":3}},"type":"if","locations":[{"start":{"line":18,"column":9},"end":{"line":49,"column":3}},{"start":{"line":21,"column":9},"end":{"line":49,"column":3}}],"line":18},"4":{"loc":{"start":{"line":21,"column":9},"end":{"line":49,"column":3}},"type":"if","locations":[{"start":{"line":21,"column":9},"end":{"line":49,"column":3}},{"start":{"line":24,"column":9},"end":{"line":49,"column":3}}],"line":21},"5":{"loc":{"start":{"line":24,"column":9},"end":{"line":49,"column":3}},"type":"if","locations":[{"start":{"line":24,"column":9},"end":{"line":49,"column":3}},{"start":{"line":27,"column":9},"end":{"line":49,"column":3}}],"line":24},"6":{"loc":{"start":{"line":27,"column":9},"end":{"line":49,"column":3}},"type":"if","locations":[{"start":{"line":27,"column":9},"end":{"line":49,"column":3}},{"start":{"line":30,"column":9},"end":{"line":49,"column":3}}],"line":27},"7":{"loc":{"start":{"line":30,"column":9},"end":{"line":49,"column":3}},"type":"if","locations":[{"start":{"line":30,"column":9},"end":{"line":49,"column":3}},{"start":{"line":33,"column":9},"end":{"line":49,"column":3}}],"line":30},"8":{"loc":{"start":{"line":33,"column":9},"end":{"line":49,"column":3}},"type":"if","locations":[{"start":{"line":33,"column":9},"end":{"line":49,"column":3}},{"start":{"line":35,"column":9},"end":{"line":49,"column":3}}],"line":33},"9":{"loc":{"start":{"line":35,"column":9},"end":{"line":49,"column":3}},"type":"if","locations":[{"start":{"line":35,"column":9},"end":{"line":49,"column":3}},{"start":{"line":37,"column":9},"end":{"line":49,"column":3}}],"line":35},"10":{"loc":{"start":{"line":37,"column":9},"end":{"line":49,"column":3}},"type":"if","locations":[{"start":{"line":37,"column":9},"end":{"line":49,"column":3}},{"start":{"line":39,"column":9},"end":{"line":49,"column":3}}],"line":37},"11":{"loc":{"start":{"line":39,"column":9},"end":{"line":49,"column":3}},"type":"if","locations":[{"start":{"line":39,"column":9},"end":{"line":49,"column":3}},{"start":{"line":41,"column":9},"end":{"line":49,"column":3}}],"line":39},"12":{"loc":{"start":{"line":41,"column":9},"end":{"line":49,"column":3}},"type":"if","locations":[{"start":{"line":41,"column":9},"end":{"line":49,"column":3}},{"start":{"line":43,"column":9},"end":{"line":49,"column":3}}],"line":41},"13":{"loc":{"start":{"line":43,"column":9},"end":{"line":49,"column":3}},"type":"if","locations":[{"start":{"line":43,"column":9},"end":{"line":49,"column":3}},{"start":{"line":45,"column":9},"end":{"line":49,"column":3}}],"line":43},"14":{"loc":{"start":{"line":45,"column":9},"end":{"line":49,"column":3}},"type":"if","locations":[{"start":{"line":45,"column":9},"end":{"line":49,"column":3}},{"start":{"line":47,"column":9},"end":{"line":49,"column":3}}],"line":45},"15":{"loc":{"start":{"line":47,"column":9},"end":{"line":49,"column":3}},"type":"if","locations":[{"start":{"line":47,"column":9},"end":{"line":49,"column":3}},{"start":{},"end":{}}],"line":47}},"s":{"0":2,"1":0,"2":0,"3":0,"4":0,"5":0,"6":0,"7":0,"8":0,"9":0,"10":0,"11":0,"12":0,"13":0,"14":0,"15":0,"16":0,"17":0,"18":0,"19":0,"20":0,"21":0,"22":0,"23":0,"24":0,"25":0,"26":0,"27":0,"28":0,"29":0,"30":0,"31":0,"32":0,"33":0,"34":0,"35":0,"36":0,"37":0,"38":0,"39":0,"40":0,"41":0,"42":0,"43":0,"44":2},"f":{"0":0,"1":0},"b":{"0":[0,0],"1":[0,0],"2":[0,0],"3":[0,0],"4":[0,0],"5":[0,0],"6":[0,0],"7":[0,0],"8":[0,0],"9":[0,0],"10":[0,0],"11":[0,0],"12":[0,0],"13":[0,0],"14":[0,0],"15":[0,0]},"_coverageSchema":"1a1c01bbd47fc00a2c39e90264f33305004495a9","hash":"f5615e285a74328e0338277a83539aa53e0c88b8"}
,"D:\\BootcampHactive8\\FinalProject\\fotomag-server\\services\\middleware\\merchantAuthor.js": {"path":"D:\\BootcampHactive8\\FinalProject\\fotomag-server\\services\\middleware\\merchantAuthor.js","statementMap":{"0":{"start":{"line":1,"column":15},"end":{"line":1,"column":41}},"1":{"start":{"line":3,"column":20},"end":{"line":19,"column":1}},"2":{"start":{"line":4,"column":2},"end":{"line":18,"column":3}},"3":{"start":{"line":5,"column":17},"end":{"line":5,"column":25}},"4":{"start":{"line":7,"column":19},"end":{"line":7,"column":42}},"5":{"start":{"line":8,"column":4},"end":{"line":10,"column":5}},"6":{"start":{"line":9,"column":6},"end":{"line":9,"column":37}},"7":{"start":{"line":12,"column":4},"end":{"line":14,"column":5}},"8":{"start":{"line":13,"column":6},"end":{"line":13,"column":33}},"9":{"start":{"line":15,"column":4},"end":{"line":15,"column":11}},"10":{"start":{"line":17,"column":4},"end":{"line":17,"column":16}},"11":{"start":{"line":20,"column":0},"end":{"line":20,"column":31}}},"fnMap":{"0":{"name":"(anonymous_0)","decl":{"start":{"line":3,"column":20},"end":{"line":3,"column":21}},"loc":{"start":{"line":3,"column":46},"end":{"line":19,"column":1}},"line":3}},"branchMap":{"0":{"loc":{"start":{"line":8,"column":4},"end":{"line":10,"column":5}},"type":"if","locations":[{"start":{"line":8,"column":4},"end":{"line":10,"column":5}},{"start":{},"end":{}}],"line":8},"1":{"loc":{"start":{"line":12,"column":4},"end":{"line":14,"column":5}},"type":"if","locations":[{"start":{"line":12,"column":4},"end":{"line":14,"column":5}},{"start":{},"end":{}}],"line":12}},"s":{"0":2,"1":2,"2":0,"3":0,"4":0,"5":0,"6":0,"7":0,"8":0,"9":0,"10":0,"11":2},"f":{"0":0},"b":{"0":[0,0],"1":[0,0]},"_coverageSchema":"1a1c01bbd47fc00a2c39e90264f33305004495a9","hash":"24533785132672ce3ae85199872e163cd3c831a2"}
,"D:\\BootcampHactive8\\FinalProject\\fotomag-server\\services\\middleware\\multer.js": {"path":"D:\\BootcampHactive8\\FinalProject\\fotomag-server\\services\\middleware\\multer.js","statementMap":{"0":{"start":{"line":1,"column":15},"end":{"line":1,"column":32}},"1":{"start":{"line":4,"column":16},"end":{"line":4,"column":38}},"2":{"start":{"line":5,"column":13},"end":{"line":7,"column":2}},"3":{"start":{"line":11,"column":0},"end":{"line":11,"column":23}}},"fnMap":{},"branchMap":{},"s":{"0":2,"1":2,"2":2,"3":2},"f":{},"b":{},"_coverageSchema":"1a1c01bbd47fc00a2c39e90264f33305004495a9","hash":"da1a49b35377ea66f9b60b6ade4e1ea99196ee2d"}
,"D:\\BootcampHactive8\\FinalProject\\fotomag-server\\services\\models\\atk.js": {"path":"D:\\BootcampHactive8\\FinalProject\\fotomag-server\\services\\models\\atk.js","statementMap":{"0":{"start":{"line":2,"column":18},"end":{"line":2,"column":38}},"1":{"start":{"line":3,"column":0},"end":{"line":113,"column":2}},"2":{"start":{"line":12,"column":6},"end":{"line":14,"column":8}},"3":{"start":{"line":15,"column":6},"end":{"line":17,"column":8}},"4":{"start":{"line":20,"column":2},"end":{"line":111,"column":4}},"5":{"start":{"line":112,"column":2},"end":{"line":112,"column":13}}},"fnMap":{"0":{"name":"(anonymous_0)","decl":{"start":{"line":3,"column":17},"end":{"line":3,"column":18}},"loc":{"start":{"line":3,"column":43},"end":{"line":113,"column":1}},"line":3},"1":{"name":"(anonymous_1)","decl":{"start":{"line":10,"column":4},"end":{"line":10,"column":5}},"loc":{"start":{"line":10,"column":29},"end":{"line":18,"column":5}},"line":10}},"branchMap":{},"s":{"0":2,"1":2,"2":2,"3":2,"4":2,"5":2},"f":{"0":2,"1":2},"b":{},"_coverageSchema":"1a1c01bbd47fc00a2c39e90264f33305004495a9","hash":"12b0e81e6c440948ef271d5e96f8669b9cf8bd92"}
,"D:\\BootcampHactive8\\FinalProject\\fotomag-server\\services\\models\\balancemutation.js": {"path":"D:\\BootcampHactive8\\FinalProject\\fotomag-server\\services\\models\\balancemutation.js","statementMap":{"0":{"start":{"line":2,"column":18},"end":{"line":2,"column":38}},"1":{"start":{"line":3,"column":0},"end":{"line":66,"column":2}},"2":{"start":{"line":12,"column":6},"end":{"line":14,"column":8}},"3":{"start":{"line":15,"column":6},"end":{"line":17,"column":8}},"4":{"start":{"line":20,"column":2},"end":{"line":64,"column":4}},"5":{"start":{"line":65,"column":2},"end":{"line":65,"column":25}}},"fnMap":{"0":{"name":"(anonymous_0)","decl":{"start":{"line":3,"column":17},"end":{"line":3,"column":18}},"loc":{"start":{"line":3,"column":43},"end":{"line":66,"column":1}},"line":3},"1":{"name":"(anonymous_1)","decl":{"start":{"line":10,"column":4},"end":{"line":10,"column":5}},"loc":{"start":{"line":10,"column":29},"end":{"line":18,"column":5}},"line":10}},"branchMap":{},"s":{"0":2,"1":2,"2":2,"3":2,"4":2,"5":2},"f":{"0":2,"1":2},"b":{},"_coverageSchema":"1a1c01bbd47fc00a2c39e90264f33305004495a9","hash":"4ac573861678dd571b857fe08d48624772060825"}
,"D:\\BootcampHactive8\\FinalProject\\fotomag-server\\services\\models\\courier.js": {"path":"D:\\BootcampHactive8\\FinalProject\\fotomag-server\\services\\models\\courier.js","statementMap":{"0":{"start":{"line":2,"column":18},"end":{"line":2,"column":38}},"1":{"start":{"line":3,"column":28},"end":{"line":3,"column":55}},"2":{"start":{"line":4,"column":0},"end":{"line":99,"column":2}},"3":{"start":{"line":13,"column":6},"end":{"line":15,"column":9}},"4":{"start":{"line":16,"column":6},"end":{"line":18,"column":9}},"5":{"start":{"line":21,"column":2},"end":{"line":94,"column":4}},"6":{"start":{"line":95,"column":2},"end":{"line":97,"column":5}},"7":{"start":{"line":96,"column":4},"end":{"line":96,"column":51}},"8":{"start":{"line":98,"column":2},"end":{"line":98,"column":17}}},"fnMap":{"0":{"name":"(anonymous_0)","decl":{"start":{"line":4,"column":17},"end":{"line":4,"column":18}},"loc":{"start":{"line":4,"column":43},"end":{"line":99,"column":1}},"line":4},"1":{"name":"(anonymous_1)","decl":{"start":{"line":11,"column":4},"end":{"line":11,"column":5}},"loc":{"start":{"line":11,"column":29},"end":{"line":19,"column":5}},"line":11},"2":{"name":"(anonymous_2)","decl":{"start":{"line":95,"column":23},"end":{"line":95,"column":24}},"loc":{"start":{"line":95,"column":33},"end":{"line":97,"column":3}},"line":95}},"branchMap":{},"s":{"0":2,"1":2,"2":2,"3":2,"4":2,"5":2,"6":2,"7":0,"8":2},"f":{"0":2,"1":2,"2":0},"b":{},"_coverageSchema":"1a1c01bbd47fc00a2c39e90264f33305004495a9","hash":"167ac2315c66d94ef394785bc41ec29d5877499c"}
,"D:\\BootcampHactive8\\FinalProject\\fotomag-server\\services\\models\\index.js": {"path":"D:\\BootcampHactive8\\FinalProject\\fotomag-server\\services\\models\\index.js","statementMap":{"0":{"start":{"line":3,"column":11},"end":{"line":3,"column":24}},"1":{"start":{"line":4,"column":13},"end":{"line":4,"column":28}},"2":{"start":{"line":5,"column":18},"end":{"line":5,"column":38}},"3":{"start":{"line":6,"column":16},"end":{"line":6,"column":34}},"4":{"start":{"line":7,"column":17},"end":{"line":7,"column":42}},"5":{"start":{"line":8,"column":12},"end":{"line":8,"column":49}},"6":{"start":{"line":9,"column":15},"end":{"line":9,"column":65}},"7":{"start":{"line":10,"column":11},"end":{"line":10,"column":13}},"8":{"start":{"line":13,"column":0},"end":{"line":17,"column":1}},"9":{"start":{"line":14,"column":2},"end":{"line":14,"column":74}},"10":{"start":{"line":16,"column":2},"end":{"line":16,"column":87}},"11":{"start":{"line":19,"column":0},"end":{"line":27,"column":5}},"12":{"start":{"line":22,"column":4},"end":{"line":22,"column":90}},"13":{"start":{"line":25,"column":18},"end":{"line":25,"column":85}},"14":{"start":{"line":26,"column":4},"end":{"line":26,"column":27}},"15":{"start":{"line":29,"column":0},"end":{"line":33,"column":3}},"16":{"start":{"line":30,"column":2},"end":{"line":32,"column":3}},"17":{"start":{"line":31,"column":4},"end":{"line":31,"column":32}},"18":{"start":{"line":35,"column":0},"end":{"line":35,"column":25}},"19":{"start":{"line":36,"column":0},"end":{"line":36,"column":25}},"20":{"start":{"line":38,"column":0},"end":{"line":38,"column":20}}},"fnMap":{"0":{"name":"(anonymous_0)","decl":{"start":{"line":21,"column":10},"end":{"line":21,"column":11}},"loc":{"start":{"line":21,"column":18},"end":{"line":23,"column":3}},"line":21},"1":{"name":"(anonymous_1)","decl":{"start":{"line":24,"column":11},"end":{"line":24,"column":12}},"loc":{"start":{"line":24,"column":19},"end":{"line":27,"column":3}},"line":24},"2":{"name":"(anonymous_2)","decl":{"start":{"line":29,"column":24},"end":{"line":29,"column":25}},"loc":{"start":{"line":29,"column":37},"end":{"line":33,"column":1}},"line":29}},"branchMap":{"0":{"loc":{"start":{"line":8,"column":12},"end":{"line":8,"column":49}},"type":"binary-expr","locations":[{"start":{"line":8,"column":12},"end":{"line":8,"column":32}},{"start":{"line":8,"column":36},"end":{"line":8,"column":49}}],"line":8},"1":{"loc":{"start":{"line":13,"column":0},"end":{"line":17,"column":1}},"type":"if","locations":[{"start":{"line":13,"column":0},"end":{"line":17,"column":1}},{"start":{"line":15,"column":7},"end":{"line":17,"column":1}}],"line":13},"2":{"loc":{"start":{"line":22,"column":11},"end":{"line":22,"column":89}},"type":"binary-expr","locations":[{"start":{"line":22,"column":12},"end":{"line":22,"column":35}},{"start":{"line":22,"column":41},"end":{"line":22,"column":58}},{"start":{"line":22,"column":64},"end":{"line":22,"column":88}}],"line":22},"3":{"loc":{"start":{"line":30,"column":2},"end":{"line":32,"column":3}},"type":"if","locations":[{"start":{"line":30,"column":2},"end":{"line":32,"column":3}},{"start":{},"end":{}}],"line":30}},"s":{"0":2,"1":2,"2":2,"3":2,"4":2,"5":2,"6":2,"7":2,"8":2,"9":0,"10":2,"11":2,"12":12,"13":10,"14":10,"15":2,"16":10,"17":10,"18":2,"19":2,"20":2},"f":{"0":12,"1":10,"2":10},"b":{"0":[2,0],"1":[0,2],"2":[12,12,10],"3":[10,0]},"_coverageSchema":"1a1c01bbd47fc00a2c39e90264f33305004495a9","hash":"3449d61c161c5d9aaabec58f465279e7327b0488"}
,"D:\\BootcampHactive8\\FinalProject\\fotomag-server\\services\\models\\transaction.js": {"path":"D:\\BootcampHactive8\\FinalProject\\fotomag-server\\services\\models\\transaction.js","statementMap":{"0":{"start":{"line":2,"column":18},"end":{"line":2,"column":38}},"1":{"start":{"line":3,"column":0},"end":{"line":166,"column":2}},"2":{"start":{"line":12,"column":6},"end":{"line":14,"column":9}},"3":{"start":{"line":15,"column":6},"end":{"line":17,"column":9}},"4":{"start":{"line":18,"column":6},"end":{"line":20,"column":9}},"5":{"start":{"line":23,"column":2},"end":{"line":163,"column":4}},"6":{"start":{"line":165,"column":2},"end":{"line":165,"column":21}}},"fnMap":{"0":{"name":"(anonymous_0)","decl":{"start":{"line":3,"column":17},"end":{"line":3,"column":18}},"loc":{"start":{"line":3,"column":43},"end":{"line":166,"column":1}},"line":3},"1":{"name":"(anonymous_1)","decl":{"start":{"line":10,"column":4},"end":{"line":10,"column":5}},"loc":{"start":{"line":10,"column":29},"end":{"line":21,"column":5}},"line":10}},"branchMap":{},"s":{"0":2,"1":2,"2":2,"3":2,"4":2,"5":2,"6":2},"f":{"0":2,"1":2},"b":{},"_coverageSchema":"1a1c01bbd47fc00a2c39e90264f33305004495a9","hash":"a78da73bd6e5b2b6886093320de8e5b511261a8a"}
,"D:\\BootcampHactive8\\FinalProject\\fotomag-server\\services\\models\\user.js": {"path":"D:\\BootcampHactive8\\FinalProject\\fotomag-server\\services\\models\\user.js","statementMap":{"0":{"start":{"line":2,"column":18},"end":{"line":2,"column":38}},"1":{"start":{"line":3,"column":28},"end":{"line":3,"column":55}},"2":{"start":{"line":5,"column":0},"end":{"line":117,"column":2}},"3":{"start":{"line":14,"column":6},"end":{"line":16,"column":9}},"4":{"start":{"line":17,"column":6},"end":{"line":19,"column":9}},"5":{"start":{"line":20,"column":6},"end":{"line":22,"column":9}},"6":{"start":{"line":25,"column":2},"end":{"line":111,"column":4}},"7":{"start":{"line":113,"column":2},"end":{"line":115,"column":5}},"8":{"start":{"line":114,"column":4},"end":{"line":114,"column":51}},"9":{"start":{"line":116,"column":2},"end":{"line":116,"column":14}}},"fnMap":{"0":{"name":"(anonymous_0)","decl":{"start":{"line":5,"column":17},"end":{"line":5,"column":18}},"loc":{"start":{"line":5,"column":43},"end":{"line":117,"column":1}},"line":5},"1":{"name":"(anonymous_1)","decl":{"start":{"line":12,"column":4},"end":{"line":12,"column":5}},"loc":{"start":{"line":12,"column":29},"end":{"line":23,"column":5}},"line":12},"2":{"name":"(anonymous_2)","decl":{"start":{"line":113,"column":20},"end":{"line":113,"column":21}},"loc":{"start":{"line":113,"column":30},"end":{"line":115,"column":3}},"line":113}},"branchMap":{},"s":{"0":2,"1":2,"2":2,"3":2,"4":2,"5":2,"6":2,"7":2,"8":0,"9":2},"f":{"0":2,"1":2,"2":0},"b":{},"_coverageSchema":"1a1c01bbd47fc00a2c39e90264f33305004495a9","hash":"f8acea4ad6b3d9d31c76eb49644cb209b12b91fc"}
,"D:\\BootcampHactive8\\FinalProject\\fotomag-server\\services\\routes\\balance.js": {"path":"D:\\BootcampHactive8\\FinalProject\\fotomag-server\\services\\routes\\balance.js","statementMap":{"0":{"start":{"line":1,"column":19},"end":{"line":1,"column":51}},"1":{"start":{"line":2,"column":23},"end":{"line":2,"column":62}},"2":{"start":{"line":3,"column":22},"end":{"line":3,"column":49}},"3":{"start":{"line":5,"column":0},"end":{"line":5,"column":61}},"4":{"start":{"line":7,"column":0},"end":{"line":7,"column":31}}},"fnMap":{},"branchMap":{},"s":{"0":2,"1":2,"2":2,"3":2,"4":2},"f":{},"b":{},"_coverageSchema":"1a1c01bbd47fc00a2c39e90264f33305004495a9","hash":"f0c1e483d93d83f081d58006f86a18b32e1652c6"}
,"D:\\BootcampHactive8\\FinalProject\\fotomag-server\\services\\routes\\courier.js": {"path":"D:\\BootcampHactive8\\FinalProject\\fotomag-server\\services\\routes\\courier.js","statementMap":{"0":{"start":{"line":1,"column":19},"end":{"line":1,"column":51}},"1":{"start":{"line":2,"column":23},"end":{"line":2,"column":62}},"2":{"start":{"line":5,"column":22},"end":{"line":5,"column":49}},"3":{"start":{"line":7,"column":0},"end":{"line":7,"column":69}},"4":{"start":{"line":9,"column":0},"end":{"line":9,"column":31}}},"fnMap":{},"branchMap":{},"s":{"0":2,"1":2,"2":2,"3":2,"4":2},"f":{},"b":{},"_coverageSchema":"1a1c01bbd47fc00a2c39e90264f33305004495a9","hash":"215f451891818b50f20371a443898d9e68f464e4"}
,"D:\\BootcampHactive8\\FinalProject\\fotomag-server\\services\\routes\\customer.js": {"path":"D:\\BootcampHactive8\\FinalProject\\fotomag-server\\services\\routes\\customer.js","statementMap":{"0":{"start":{"line":1,"column":19},"end":{"line":1,"column":52}},"1":{"start":{"line":3,"column":23},"end":{"line":3,"column":50}},"2":{"start":{"line":5,"column":0},"end":{"line":5,"column":54}},"3":{"start":{"line":7,"column":0},"end":{"line":7,"column":32}}},"fnMap":{},"branchMap":{},"s":{"0":2,"1":2,"2":2,"3":2},"f":{},"b":{},"_coverageSchema":"1a1c01bbd47fc00a2c39e90264f33305004495a9","hash":"29bf4417fedc5e63fd038b2c4d6ae284ddc6b98f"}
,"D:\\BootcampHactive8\\FinalProject\\fotomag-server\\services\\routes\\index.js": {"path":"D:\\BootcampHactive8\\FinalProject\\fotomag-server\\services\\routes\\index.js","statementMap":{"0":{"start":{"line":1,"column":15},"end":{"line":1,"column":42}},"1":{"start":{"line":2,"column":22},"end":{"line":2,"column":42}},"2":{"start":{"line":3,"column":22},"end":{"line":3,"column":42}},"3":{"start":{"line":4,"column":23},"end":{"line":4,"column":44}},"4":{"start":{"line":5,"column":20},"end":{"line":5,"column":38}},"5":{"start":{"line":6,"column":23},"end":{"line":6,"column":44}},"6":{"start":{"line":7,"column":26},"end":{"line":7,"column":50}},"7":{"start":{"line":9,"column":0},"end":{"line":9,"column":34}},"8":{"start":{"line":10,"column":0},"end":{"line":10,"column":40}},"9":{"start":{"line":11,"column":0},"end":{"line":11,"column":40}},"10":{"start":{"line":12,"column":0},"end":{"line":12,"column":38}},"11":{"start":{"line":13,"column":0},"end":{"line":13,"column":38}},"12":{"start":{"line":14,"column":0},"end":{"line":14,"column":46}},"13":{"start":{"line":16,"column":0},"end":{"line":16,"column":24}}},"fnMap":{},"branchMap":{},"s":{"0":2,"1":2,"2":2,"3":2,"4":2,"5":2,"6":2,"7":2,"8":2,"9":2,"10":2,"11":2,"12":2,"13":2},"f":{},"b":{},"_coverageSchema":"1a1c01bbd47fc00a2c39e90264f33305004495a9","hash":"df14d8118f970da736fa99a4f37dc1509941d71d"}
,"D:\\BootcampHactive8\\FinalProject\\fotomag-server\\services\\routes\\login.js": {"path":"D:\\BootcampHactive8\\FinalProject\\fotomag-server\\services\\routes\\login.js","statementMap":{"0":{"start":{"line":1,"column":19},"end":{"line":1,"column":49}},"1":{"start":{"line":3,"column":20},"end":{"line":3,"column":47}},"2":{"start":{"line":5,"column":0},"end":{"line":5,"column":42}},"3":{"start":{"line":7,"column":0},"end":{"line":7,"column":29}}},"fnMap":{},"branchMap":{},"s":{"0":2,"1":2,"2":2,"3":2},"f":{},"b":{},"_coverageSchema":"1a1c01bbd47fc00a2c39e90264f33305004495a9","hash":"eb93adc148d2698e6fe036cbaa9397c099df78f9"}
,"D:\\BootcampHactive8\\FinalProject\\fotomag-server\\services\\routes\\servicer.js": {"path":"D:\\BootcampHactive8\\FinalProject\\fotomag-server\\services\\routes\\servicer.js","statementMap":{"0":{"start":{"line":1,"column":19},"end":{"line":1,"column":52}},"1":{"start":{"line":2,"column":23},"end":{"line":2,"column":50}},"2":{"start":{"line":4,"column":0},"end":{"line":4,"column":54}},"3":{"start":{"line":5,"column":0},"end":{"line":5,"column":49}},"4":{"start":{"line":6,"column":0},"end":{"line":6,"column":54}},"5":{"start":{"line":7,"column":0},"end":{"line":7,"column":57}},"6":{"start":{"line":9,"column":0},"end":{"line":9,"column":32}}},"fnMap":{},"branchMap":{},"s":{"0":2,"1":2,"2":2,"3":2,"4":2,"5":2,"6":2},"f":{},"b":{},"_coverageSchema":"1a1c01bbd47fc00a2c39e90264f33305004495a9","hash":"ec412eb903d17041a59e70e6bdf1f7b159679f98"}
,"D:\\BootcampHactive8\\FinalProject\\fotomag-server\\services\\routes\\transaction.js": {"path":"D:\\BootcampHactive8\\FinalProject\\fotomag-server\\services\\routes\\transaction.js","statementMap":{"0":{"start":{"line":1,"column":19},"end":{"line":1,"column":55}},"1":{"start":{"line":2,"column":22},"end":{"line":2,"column":60}},"2":{"start":{"line":3,"column":23},"end":{"line":3,"column":62}},"3":{"start":{"line":4,"column":28},"end":{"line":4,"column":72}},"4":{"start":{"line":5,"column":22},"end":{"line":5,"column":60}},"5":{"start":{"line":6,"column":22},"end":{"line":6,"column":61}},"6":{"start":{"line":7,"column":15},"end":{"line":7,"column":46}},"7":{"start":{"line":8,"column":26},"end":{"line":8,"column":53}},"8":{"start":{"line":10,"column":0},"end":{"line":15,"column":2}},"9":{"start":{"line":17,"column":0},"end":{"line":22,"column":2}},"10":{"start":{"line":24,"column":0},"end":{"line":29,"column":2}},"11":{"start":{"line":30,"column":0},"end":{"line":34,"column":2}},"12":{"start":{"line":35,"column":0},"end":{"line":40,"column":2}},"13":{"start":{"line":41,"column":0},"end":{"line":46,"column":2}},"14":{"start":{"line":48,"column":0},"end":{"line":52,"column":2}},"15":{"start":{"line":53,"column":0},"end":{"line":57,"column":2}},"16":{"start":{"line":58,"column":0},"end":{"line":62,"column":2}},"17":{"start":{"line":63,"column":0},"end":{"line":67,"column":2}},"18":{"start":{"line":69,"column":0},"end":{"line":69,"column":38}},"19":{"start":{"line":70,"column":0},"end":{"line":74,"column":2}},"20":{"start":{"line":76,"column":0},"end":{"line":76,"column":35}}},"fnMap":{},"branchMap":{},"s":{"0":2,"1":2,"2":2,"3":2,"4":2,"5":2,"6":2,"7":2,"8":2,"9":2,"10":2,"11":2,"12":2,"13":2,"14":2,"15":2,"16":2,"17":2,"18":2,"19":2,"20":2},"f":{},"b":{},"_coverageSchema":"1a1c01bbd47fc00a2c39e90264f33305004495a9","hash":"9dca5bd69496d870af744dfefa2b35909976c2e7"}
}
