TN:
SF:app.js
FNF:0
FNH:0
DA:1,2
DA:2,2
DA:4,2
DA:5,2
DA:6,2
DA:7,2
DA:8,2
DA:9,2
DA:10,2
DA:12,2
DA:14,2
DA:15,2
DA:16,2
DA:24,2
DA:25,2
DA:26,2
DA:31,2
LF:17
LH:17
BRDA:1,0,0,2
BRDA:1,0,1,0
BRF:2
BRH:1
end_of_record
TN:
SF:config\cloudinaryConfig.js
FNF:0
FNH:0
DA:1,2
DA:3,2
DA:9,2
LF:3
LH:3
BRF:0
BRH:0
end_of_record
TN:
SF:controller\balance.js
FN:4,(anonymous_0)
FNF:1
FNH:1
FNDA:3,(anonymous_0)
DA:1,2
DA:2,2
DA:5,3
DA:6,3
DA:7,3
DA:8,3
DA:9,3
DA:10,2
DA:12,1
DA:17,1
DA:31,1
DA:32,1
DA:37,1
DA:38,1
DA:40,2
DA:44,2
LF:16
LH:16
BRDA:9,0,0,2
BRDA:9,0,1,1
BRF:2
BRH:2
end_of_record
TN:
SF:controller\courier.js
FN:4,(anonymous_0)
FNF:1
FNH:1
FNDA:6,(anonymous_0)
DA:1,2
DA:5,6
DA:6,6
DA:7,6
DA:8,6
DA:10,6
DA:16,6
DA:26,3
DA:31,3
DA:32,3
DA:36,2
LF:11
LH:11
BRF:0
BRH:0
end_of_record
TN:
SF:controller\customer.js
FN:4,(anonymous_0)
FNF:1
FNH:1
FNDA:6,(anonymous_0)
DA:1,2
DA:5,6
DA:6,6
DA:7,6
DA:8,6
DA:16,1
DA:21,5
DA:25,2
LF:8
LH:8
BRF:0
BRH:0
end_of_record
TN:
SF:controller\login.js
FN:5,(anonymous_0)
FNF:1
FNH:1
FNDA:10,(anonymous_0)
DA:1,2
DA:2,2
DA:6,10
DA:7,10
DA:8,10
DA:9,10
DA:10,10
DA:11,2
DA:13,8
DA:14,2
DA:16,6
DA:21,6
DA:22,4
DA:23,2
DA:25,2
DA:28,2
DA:29,2
DA:31,2
DA:34,2
DA:35,2
DA:37,0
DA:38,0
DA:40,0
DA:43,0
DA:44,0
DA:46,2
DA:47,2
DA:52,8
DA:53,8
DA:58,2
LF:30
LH:25
BRDA:10,0,0,2
BRDA:10,0,1,8
BRDA:13,1,0,2
BRDA:13,1,1,6
BRDA:21,2,0,4
BRDA:21,2,1,2
BRDA:22,3,0,2
BRDA:22,3,1,2
BRDA:34,4,0,2
BRDA:34,4,1,0
BRDA:37,5,0,0
BRDA:37,5,1,0
BRF:12
BRH:9
end_of_record
TN:
SF:controller\servicer.js
FN:4,(anonymous_0)
FN:54,(anonymous_1)
FN:63,(anonymous_2)
FN:77,(anonymous_3)
FNF:4
FNH:2
FNDA:6,(anonymous_0)
FNDA:0,(anonymous_1)
FNDA:0,(anonymous_2)
FNDA:3,(anonymous_3)
DA:1,2
DA:5,6
DA:6,6
DA:17,6
DA:18,6
DA:27,1
DA:42,1
DA:46,1
DA:48,5
DA:49,5
DA:50,5
DA:55,0
DA:56,0
DA:57,0
DA:59,0
DA:64,0
DA:65,0
DA:66,0
DA:71,0
DA:73,0
DA:78,3
DA:79,3
DA:80,3
DA:81,3
DA:85,2
DA:87,1
DA:88,1
DA:93,2
LF:28
LH:19
BRF:0
BRH:0
end_of_record
TN:
SF:controller\transaction.js
FN:16,(anonymous_0)
FN:117,(anonymous_1)
FN:141,(anonymous_2)
FN:190,(anonymous_3)
FN:214,(anonymous_4)
FN:240,(anonymous_5)
FN:267,(anonymous_6)
FN:326,(anonymous_7)
FN:349,(anonymous_8)
FN:370,(anonymous_9)
FN:384,(anonymous_10)
FNF:11
FNH:7
FNDA:7,(anonymous_0)
FNDA:2,(anonymous_1)
FNDA:3,(anonymous_2)
FNDA:1,(anonymous_3)
FNDA:0,(anonymous_4)
FNDA:0,(anonymous_5)
FNDA:1,(anonymous_6)
FNDA:2,(anonymous_7)
FNDA:2,(anonymous_8)
FNDA:0,(anonymous_9)
FNDA:0,(anonymous_10)
DA:8,2
DA:9,2
DA:10,2
DA:11,2
DA:12,2
DA:17,7
DA:18,7
DA:19,7
DA:20,7
DA:22,7
DA:23,7
DA:24,1
DA:27,6
DA:28,6
DA:29,6
DA:31,6
DA:32,6
DA:33,6
DA:38,0
DA:39,0
DA:42,6
DA:44,6
DA:46,6
DA:47,6
DA:48,5
DA:49,1
DA:50,0
DA:53,6
DA:54,6
DA:55,5
DA:56,1
DA:57,0
DA:61,6
DA:68,6
DA:89,2
DA:92,2
DA:93,1
DA:96,1
DA:99,1
DA:108,1
DA:109,1
DA:111,5
DA:112,5
DA:118,2
DA:119,2
DA:121,2
DA:132,2
DA:136,0
DA:142,3
DA:143,3
DA:149,3
DA:160,3
DA:167,3
DA:174,1
DA:179,1
DA:181,1
DA:185,2
DA:191,1
DA:192,1
DA:194,1
DA:205,1
DA:209,0
DA:215,0
DA:216,0
DA:217,0
DA:219,0
DA:231,0
DA:235,0
DA:241,0
DA:242,0
DA:244,0
DA:254,0
DA:255,0
DA:258,0
DA:262,0
DA:268,1
DA:269,1
DA:270,1
DA:271,1
DA:281,1
DA:282,1
DA:287,1
DA:288,0
DA:291,1
DA:296,1
DA:297,0
DA:300,1
DA:305,1
DA:306,0
DA:308,1
DA:309,1
DA:310,1
DA:311,1
DA:312,0
DA:314,1
DA:316,1
DA:320,0
DA:321,0
DA:327,2
DA:328,2
DA:329,2
DA:336,2
DA:342,2
DA:344,0
DA:345,0
DA:350,2
DA:351,2
DA:352,2
DA:358,2
DA:364,2
DA:366,0
DA:371,0
DA:372,0
DA:373,0
DA:380,0
DA:385,0
DA:386,0
DA:387,0
DA:388,0
DA:393,0
DA:395,0
DA:396,0
DA:400,2
LF:123
LH:84
BRDA:23,0,0,1
BRDA:23,0,1,6
BRDA:47,1,0,5
BRDA:47,1,1,1
BRDA:49,2,0,0
BRDA:49,2,1,1
BRDA:54,3,0,5
BRDA:54,3,1,1
BRDA:56,4,0,0
BRDA:56,4,1,1
BRDA:92,5,0,1
BRDA:92,5,1,1
BRDA:254,6,0,0
BRDA:254,6,1,0
BRDA:287,7,0,0
BRDA:287,7,1,1
BRDA:296,8,0,0
BRDA:296,8,1,1
BRDA:305,9,0,0
BRDA:305,9,1,1
BRDA:311,10,0,0
BRDA:311,10,1,1
BRF:22
BRH:14
end_of_record
TN:
SF:helper\helper.js
FN:5,(anonymous_0)
FN:6,(anonymous_1)
FN:8,(anonymous_2)
FN:9,(anonymous_3)
FNF:4
FNH:4
FNDA:7,(anonymous_0)
FNDA:4,(anonymous_1)
FNDA:7,(anonymous_2)
FNDA:28,(anonymous_3)
DA:1,2
DA:2,2
DA:3,2
DA:5,7
DA:6,4
DA:8,7
DA:9,28
DA:11,2
LF:8
LH:8
BRF:0
BRH:0
end_of_record
TN:
SF:middleware\authenCourier.js
FN:4,(anonymous_0)
FNF:1
FNH:0
FNDA:0,(anonymous_0)
DA:1,2
DA:2,2
DA:4,2
DA:5,0
DA:6,0
DA:7,0
DA:8,0
DA:9,0
DA:10,0
DA:13,0
DA:18,0
DA:20,0
DA:24,2
LF:13
LH:4
BRDA:9,0,0,0
BRDA:9,0,1,0
BRF:2
BRH:0
end_of_record
TN:
SF:middleware\authentication.js
FN:4,(anonymous_0)
FNF:1
FNH:1
FNDA:23,(anonymous_0)
DA:1,2
DA:2,2
DA:4,2
DA:5,23
DA:6,23
DA:7,23
DA:8,21
DA:9,21
DA:10,0
DA:13,21
DA:19,21
DA:21,2
DA:25,2
LF:13
LH:12
BRDA:9,0,0,0
BRDA:9,0,1,21
BRF:2
BRH:1
end_of_record
TN:
SF:middleware\handleError.js
FN:1,(anonymous_0)
FN:12,(anonymous_1)
FNF:2
FNH:2
FNDA:33,(anonymous_0)
FNDA:17,(anonymous_1)
DA:1,2
DA:2,33
DA:3,33
DA:4,33
DA:6,33
DA:10,17
DA:11,17
DA:12,17
DA:13,17
DA:15,16
DA:16,4
DA:17,4
DA:18,12
DA:19,0
DA:20,0
DA:21,12
DA:22,2
DA:23,2
DA:24,10
DA:25,2
DA:26,2
DA:27,8
DA:28,2
DA:29,2
DA:30,6
DA:31,0
DA:32,0
DA:33,6
DA:34,0
DA:35,6
DA:36,0
DA:37,6
DA:38,1
DA:39,5
DA:40,2
DA:42,33
DA:47,2
LF:37
LH:31
BRDA:6,0,0,17
BRDA:6,0,1,16
BRDA:7,1,0,33
BRDA:7,1,1,18
BRDA:15,2,0,4
BRDA:15,2,1,12
BRDA:18,3,0,0
BRDA:18,3,1,12
BRDA:21,4,0,2
BRDA:21,4,1,10
BRDA:24,5,0,2
BRDA:24,5,1,8
BRDA:27,6,0,2
BRDA:27,6,1,6
BRDA:30,7,0,0
BRDA:30,7,1,6
BRDA:33,8,0,0
BRDA:33,8,1,6
BRDA:35,9,0,0
BRDA:35,9,1,6
BRDA:37,10,0,1
BRDA:37,10,1,5
BRDA:39,11,0,2
BRDA:39,11,1,3
BRF:24
BRH:20
end_of_record
TN:
SF:middleware\multer.js
FNF:0
FNH:0
DA:1,2
DA:4,2
DA:5,2
DA:11,2
LF:4
LH:4
BRF:0
BRH:0
end_of_record
TN:
SF:models\atk.js
FN:3,(anonymous_0)
FN:10,(anonymous_1)
FNF:2
FNH:2
FNDA:2,(anonymous_0)
FNDA:2,(anonymous_1)
DA:2,2
DA:3,2
DA:12,2
DA:15,2
DA:20,2
DA:112,2
LF:6
LH:6
BRF:0
BRH:0
end_of_record
TN:
SF:models\balancemutation.js
FN:3,(anonymous_0)
FN:10,(anonymous_1)
FNF:2
FNH:2
FNDA:2,(anonymous_0)
FNDA:2,(anonymous_1)
DA:2,2
DA:3,2
DA:12,2
DA:15,2
DA:20,2
DA:65,2
LF:6
LH:6
BRF:0
BRH:0
end_of_record
TN:
SF:models\courier.js
FN:4,(anonymous_0)
FN:11,(anonymous_1)
FN:95,(anonymous_2)
FNF:3
FNH:3
FNDA:2,(anonymous_0)
FNDA:2,(anonymous_1)
FNDA:3,(anonymous_2)
DA:2,2
DA:3,2
DA:4,2
DA:13,2
DA:16,2
DA:21,2
DA:95,2
DA:96,3
DA:98,2
LF:9
LH:9
BRF:0
BRH:0
end_of_record
TN:
SF:models\index.js
FN:21,(anonymous_0)
FN:24,(anonymous_1)
FN:29,(anonymous_2)
FNF:3
FNH:3
FNDA:12,(anonymous_0)
FNDA:10,(anonymous_1)
FNDA:10,(anonymous_2)
DA:3,2
DA:4,2
DA:5,2
DA:6,2
DA:7,2
DA:8,2
DA:9,2
DA:10,2
DA:13,2
DA:14,0
DA:16,2
DA:19,2
DA:22,12
DA:25,10
DA:26,10
DA:29,2
DA:30,10
DA:31,10
DA:35,2
DA:36,2
DA:38,2
LF:21
LH:20
BRDA:8,0,0,2
BRDA:8,0,1,0
BRDA:13,1,0,0
BRDA:13,1,1,2
BRDA:22,2,0,12
BRDA:22,2,1,12
BRDA:22,2,2,10
BRDA:30,3,0,10
BRDA:30,3,1,0
BRF:9
BRH:6
end_of_record
TN:
SF:models\transaction.js
FN:3,(anonymous_0)
FN:10,(anonymous_1)
FNF:2
FNH:2
FNDA:2,(anonymous_0)
FNDA:2,(anonymous_1)
DA:2,2
DA:3,2
DA:12,2
DA:15,2
DA:18,2
DA:23,2
DA:165,2
LF:7
LH:7
BRF:0
BRH:0
end_of_record
TN:
SF:models\user.js
FN:5,(anonymous_0)
FN:12,(anonymous_1)
FN:113,(anonymous_2)
FNF:3
FNH:3
FNDA:2,(anonymous_0)
FNDA:2,(anonymous_1)
FNDA:4,(anonymous_2)
DA:2,2
DA:3,2
DA:5,2
DA:14,2
DA:17,2
DA:20,2
DA:25,2
DA:113,2
DA:114,4
DA:116,2
LF:10
LH:10
BRF:0
BRH:0
end_of_record
TN:
SF:routes\balance.js
FNF:0
FNH:0
DA:1,2
DA:2,2
DA:3,2
DA:5,2
DA:7,2
LF:5
LH:5
BRF:0
BRH:0
end_of_record
TN:
SF:routes\courier.js
FNF:0
FNH:0
DA:1,2
DA:2,2
DA:5,2
DA:7,2
DA:9,2
LF:5
LH:5
BRF:0
BRH:0
end_of_record
TN:
SF:routes\customer.js
FNF:0
FNH:0
DA:1,2
DA:3,2
DA:5,2
DA:7,2
LF:4
LH:4
BRF:0
BRH:0
end_of_record
TN:
SF:routes\index.js
FNF:0
FNH:0
DA:1,2
DA:2,2
DA:3,2
DA:4,2
DA:5,2
DA:6,2
DA:7,2
DA:9,2
DA:10,2
DA:11,2
DA:12,2
DA:13,2
DA:14,2
DA:16,2
LF:14
LH:14
BRF:0
BRH:0
end_of_record
TN:
SF:routes\login.js
FNF:0
FNH:0
DA:1,2
DA:3,2
DA:5,2
DA:7,2
LF:4
LH:4
BRF:0
BRH:0
end_of_record
TN:
SF:routes\servicer.js
FNF:0
FNH:0
DA:1,2
DA:2,2
DA:4,2
DA:5,2
DA:6,2
DA:7,2
DA:9,2
LF:7
LH:7
BRF:0
BRH:0
end_of_record
TN:
SF:routes\transaction.js
FNF:0
FNH:0
DA:1,2
DA:2,2
DA:3,2
DA:4,2
DA:5,2
DA:7,2
DA:12,2
DA:17,2
DA:18,2
DA:22,2
DA:26,2
DA:33,2
DA:38,2
DA:43,2
DA:48,2
DA:54,2
DA:55,2
DA:61,2
LF:18
LH:18
BRF:0
BRH:0
end_of_record
